{"level":"info","message":"Connected to database successfully (mysql2)","timestamp":"2026-06-03T02:50:21.849Z"}
{"level":"info","message":"Checking web configurations...","timestamp":"2026-06-03T02:50:21.975Z"}
{"level":"info","message":"Web configurations synchronized with environment defaults","timestamp":"2026-06-03T02:50:22.359Z"}
{"level":"info","message":"Database seeding completed successfully","timestamp":"2026-06-03T02:50:22.360Z"}
{"level":"info","message":"Server is running on port 3000","timestamp":"2026-06-03T02:50:22.363Z"}
{"level":"info","message":"[Scheduler] Deposit expiry scheduler started (interval: 600s)","timestamp":"2026-06-03T02:50:22.364Z"}
{"level":"info","message":"\u001b[0mPOST /api/trx/postpaid/inquiry \u001b[32m200\u001b[0m 6568.692 ms - 240\u001b[0m","timestamp":"2026-06-03T02:50:33.018Z"}
{"level":"info","message":"Connected to database successfully (mysql2)","timestamp":"2026-06-03T02:52:43.774Z"}
{"level":"info","message":"Checking web configurations...","timestamp":"2026-06-03T02:52:43.783Z"}
{"level":"info","message":"Web configurations synchronized with environment defaults","timestamp":"2026-06-03T02:52:44.993Z"}
{"level":"info","message":"Database seeding completed successfully","timestamp":"2026-06-03T02:52:44.994Z"}
{"level":"info","message":"Server is running on port 3000","timestamp":"2026-06-03T02:52:44.996Z"}
{"level":"info","message":"[Scheduler] Deposit expiry scheduler started (interval: 600s)","timestamp":"2026-06-03T02:52:44.996Z"}
{"level":"info","message":"Connected to database successfully (mysql2)","timestamp":"2026-06-03T02:52:53.842Z"}
{"level":"info","message":"Checking web configurations...","timestamp":"2026-06-03T02:52:53.850Z"}
{"level":"info","message":"Web configurations synchronized with environment defaults","timestamp":"2026-06-03T02:52:54.805Z"}
{"level":"info","message":"Database seeding completed successfully","timestamp":"2026-06-03T02:52:54.805Z"}
{"level":"info","message":"Server is running on port 3000","timestamp":"2026-06-03T02:52:54.808Z"}
{"level":"info","message":"[Scheduler] Deposit expiry scheduler started (interval: 600s)","timestamp":"2026-06-03T02:52:54.809Z"}
{"level":"info","message":"\u001b[0mPOST /api/trx/postpaid/inquiry \u001b[32m200\u001b[0m 8995.218 ms - 389\u001b[0m","timestamp":"2026-06-03T02:54:00.041Z"}
{"level":"info","message":"Connected to database successfully (mysql2)","timestamp":"2026-06-03T02:56:57.868Z"}
{"level":"info","message":"Checking web configurations...","timestamp":"2026-06-03T02:56:57.874Z"}
{"level":"info","message":"Web configurations synchronized with environment defaults","timestamp":"2026-06-03T02:56:59.136Z"}
{"level":"info","message":"Database seeding completed successfully","timestamp":"2026-06-03T02:56:59.137Z"}
{"level":"info","message":"Server is running on port 3000","timestamp":"2026-06-03T02:56:59.141Z"}
{"level":"info","message":"[Scheduler] Deposit expiry scheduler started (interval: 600s)","timestamp":"2026-06-03T02:56:59.142Z"}
{"level":"info","message":"OkeConnect Balance Response: IP tidak sesuai @125.163.141.150","timestamp":"2026-06-03T02:59:24.472Z"}
{"level":"error","message":"Sync OkeConnect Balance Error: IP tidak sesuai @125.163.141.150","timestamp":"2026-06-03T02:59:24.473Z"}
{"level":"error","message":"Sync DigiFlazz Balance Error: {\"data\":{\"rc\":\"41\",\"deposit\":0,\"message\":\"Signature Anda salah\"}}","timestamp":"2026-06-03T02:59:24.795Z"}
{"level":"info","message":"\u001b[0mPOST /api/admin/balances/vendors/sync \u001b[32m200\u001b[0m 2385.518 ms - 732\u001b[0m","timestamp":"2026-06-03T02:59:26.395Z"}
{"level":"info","message":"Connected to database successfully (mysql2)","timestamp":"2026-06-03T03:04:19.269Z"}
{"level":"info","message":"Checking web configurations...","timestamp":"2026-06-03T03:04:19.276Z"}
{"level":"info","message":"Web configurations synchronized with environment defaults","timestamp":"2026-06-03T03:04:20.201Z"}
{"level":"info","message":"Database seeding completed successfully","timestamp":"2026-06-03T03:04:20.202Z"}
{"level":"info","message":"Server is running on port 3000","timestamp":"2026-06-03T03:04:20.207Z"}
{"level":"info","message":"[Scheduler] Deposit expiry scheduler started (interval: 600s)","timestamp":"2026-06-03T03:04:20.209Z"}
{"level":"info","message":"Connected to database successfully (mysql2)","timestamp":"2026-06-03T03:04:51.032Z"}
{"level":"info","message":"Checking web configurations...","timestamp":"2026-06-03T03:04:51.040Z"}
{"level":"info","message":"Web configurations synchronized with environment defaults","timestamp":"2026-06-03T03:04:52.069Z"}
{"level":"info","message":"Database seeding completed successfully","timestamp":"2026-06-03T03:04:52.070Z"}
{"level":"info","message":"Server is running on port 3000","timestamp":"2026-06-03T03:04:52.076Z"}
{"level":"info","message":"[Scheduler] Deposit expiry scheduler started (interval: 600s)","timestamp":"2026-06-03T03:04:52.077Z"}
{"level":"info","message":"Connected to database successfully (mysql2)","timestamp":"2026-06-03T03:05:11.816Z"}
{"level":"info","message":"Checking web configurations...","timestamp":"2026-06-03T03:05:11.822Z"}
{"level":"info","message":"Web configurations synchronized with environment defaults","timestamp":"2026-06-03T03:05:13.355Z"}
{"level":"info","message":"Database seeding completed successfully","timestamp":"2026-06-03T03:05:13.356Z"}
{"level":"info","message":"Server is running on port 3000","timestamp":"2026-06-03T03:05:13.361Z"}
{"level":"info","message":"[Scheduler] Deposit expiry scheduler started (interval: 600s)","timestamp":"2026-06-03T03:05:13.361Z"}
{"level":"info","message":"Connected to database successfully (mysql2)","timestamp":"2026-06-03T03:05:21.487Z"}
{"level":"info","message":"Checking web configurations...","timestamp":"2026-06-03T03:05:21.494Z"}
{"level":"info","message":"Web configurations synchronized with environment defaults","timestamp":"2026-06-03T03:05:22.339Z"}
{"level":"info","message":"Database seeding completed successfully","timestamp":"2026-06-03T03:05:22.341Z"}
{"level":"info","message":"Server is running on port 3000","timestamp":"2026-06-03T03:05:22.343Z"}
{"level":"info","message":"[Scheduler] Deposit expiry scheduler started (interval: 600s)","timestamp":"2026-06-03T03:05:22.344Z"}
{"level":"error","message":"500 - You have an error in your SQL syntax; check the manual that corresponds to your MySQL server version for the right syntax to use near '?\n        AND status = 'SUCCESS' \n            AND sn LIKE '%TTAG:%'\n            ' at line 4 - /api/trx/postpaid/inquiry - POST - ::1","timestamp":"2026-06-03T03:07:00.337Z"}
{"level":"error","message":"Error: You have an error in your SQL syntax; check the manual that corresponds to your MySQL server version for the right syntax to use near '?\n        AND status = 'SUCCESS' \n            AND sn LIKE '%TTAG:%'\n            ' at line 4\n    at Object.findLastSuccessfulInquiry (file:///home/cavathaeon/OTRVUE/NEOPAY/src/modules/transaction/repository.js:415:35)\n    at Object.processPostpaidInquiry (file:///home/cavathaeon/OTRVUE/NEOPAY/src/modules/transaction/service.js:171:49)\n    at process.processTicksAndRejections (node:internal/process/task_queues:103:5)\n    at async postpaidInquiry (file:///home/cavathaeon/OTRVUE/NEOPAY/src/modules/transaction/controller.js:71:28)","timestamp":"2026-06-03T03:07:00.337Z"}
{"level":"info","message":"\u001b[0mPOST /api/trx/postpaid/inquiry \u001b[31m500\u001b[0m 16.545 ms - 91\u001b[0m","timestamp":"2026-06-03T03:07:00.343Z"}
{"level":"info","message":"Connected to database successfully (mysql2)","timestamp":"2026-06-03T03:07:36.490Z"}
{"level":"info","message":"Checking web configurations...","timestamp":"2026-06-03T03:07:36.500Z"}
{"level":"info","message":"Web configurations synchronized with environment defaults","timestamp":"2026-06-03T03:07:37.922Z"}
{"level":"info","message":"Database seeding completed successfully","timestamp":"2026-06-03T03:07:37.923Z"}
{"level":"info","message":"Server is running on port 3000","timestamp":"2026-06-03T03:07:37.926Z"}
{"level":"info","message":"[Scheduler] Deposit expiry scheduler started (interval: 600s)","timestamp":"2026-06-03T03:07:37.926Z"}
{"level":"info","message":"Connected to database successfully (mysql2)","timestamp":"2026-06-03T03:07:55.120Z"}
{"level":"info","message":"Checking web configurations...","timestamp":"2026-06-03T03:07:55.128Z"}
{"level":"info","message":"Web configurations synchronized with environment defaults","timestamp":"2026-06-03T03:07:56.618Z"}
{"level":"info","message":"Database seeding completed successfully","timestamp":"2026-06-03T03:07:56.620Z"}
{"level":"info","message":"Server is running on port 3000","timestamp":"2026-06-03T03:07:56.623Z"}
{"level":"info","message":"[Scheduler] Deposit expiry scheduler started (interval: 600s)","timestamp":"2026-06-03T03:07:56.623Z"}
{"level":"info","message":"\u001b[0mPOST /api/trx/postpaid/inquiry \u001b[32m200\u001b[0m 4045.379 ms - 341\u001b[0m","timestamp":"2026-06-03T03:08:32.421Z"}
{"level":"info","message":"\u001b[0mPOST /api/trx/postpaid/inquiry \u001b[32m200\u001b[0m 6.024 ms - 358\u001b[0m","timestamp":"2026-06-03T03:08:43.329Z"}
{"level":"info","message":"\u001b[0mPOST /api/trx/postpaid/inquiry \u001b[32m200\u001b[0m 6.057 ms - 358\u001b[0m","timestamp":"2026-06-03T03:08:46.898Z"}
{"level":"info","message":"\u001b[0mPOST /api/trx/postpaid/inquiry \u001b[32m200\u001b[0m 6.690 ms - 358\u001b[0m","timestamp":"2026-06-03T03:08:48.152Z"}
{"level":"info","message":"Connected to database successfully (mysql2)","timestamp":"2026-06-03T03:11:23.062Z"}
{"level":"info","message":"Checking web configurations...","timestamp":"2026-06-03T03:11:23.071Z"}
{"level":"info","message":"Web configurations synchronized with environment defaults","timestamp":"2026-06-03T03:11:24.449Z"}
{"level":"info","message":"Database seeding completed successfully","timestamp":"2026-06-03T03:11:24.450Z"}
{"level":"info","message":"Server is running on port 3000","timestamp":"2026-06-03T03:11:24.454Z"}
{"level":"info","message":"[Scheduler] Deposit expiry scheduler started (interval: 600s)","timestamp":"2026-06-03T03:11:24.454Z"}
{"level":"info","message":"Connected to database successfully (mysql2)","timestamp":"2026-06-03T03:13:27.828Z"}
{"level":"info","message":"Checking web configurations...","timestamp":"2026-06-03T03:13:27.835Z"}
{"level":"info","message":"Web configurations synchronized with environment defaults","timestamp":"2026-06-03T03:13:29.605Z"}
{"level":"info","message":"Database seeding completed successfully","timestamp":"2026-06-03T03:13:29.606Z"}
{"level":"info","message":"Server is running on port 3000","timestamp":"2026-06-03T03:13:29.609Z"}
{"level":"info","message":"[Scheduler] Deposit expiry scheduler started (interval: 600s)","timestamp":"2026-06-03T03:13:29.609Z"}
{"level":"info","message":"\u001b[0mPOST /api/trx/postpaid/inquiry \u001b[32m200\u001b[0m 19.507 ms - 358\u001b[0m","timestamp":"2026-06-03T03:14:59.113Z"}
{"level":"info","message":"\u001b[0mGET /favicon.ico \u001b[33m404\u001b[0m 0.583 ms - 210\u001b[0m","timestamp":"2026-06-03T03:21:13.467Z"}
{"level":"info","message":"\u001b[0mPUT /api/admin/vendor-configs/DIGIFLAZZ \u001b[32m200\u001b[0m 141.436 ms - 77\u001b[0m","timestamp":"2026-06-03T03:21:36.001Z"}
{"level":"info","message":"\u001b[0mPOST /api/admin/vendor-configs/DIGIFLAZZ/test \u001b[32m200\u001b[0m 4280.595 ms - 63\u001b[0m","timestamp":"2026-06-03T03:21:42.720Z"}
{"level":"info","message":"\u001b[0mPUT /api/admin/vendor-configs/OKECONNECT \u001b[32m200\u001b[0m 153.112 ms - 78\u001b[0m","timestamp":"2026-06-03T03:24:20.230Z"}
{"level":"info","message":"OkeConnect Balance Response: IP tidak sesuai @125.163.141.150","timestamp":"2026-06-03T03:24:22.063Z"}
{"level":"info","message":"\u001b[0mPOST /api/admin/vendor-configs/OKECONNECT/test \u001b[33m400\u001b[0m 577.780 ms - 76\u001b[0m","timestamp":"2026-06-03T03:24:22.064Z"}
{"level":"info","message":"OkeConnect Balance Response: Saldo 962","timestamp":"2026-06-03T03:26:12.040Z"}
{"level":"info","message":"\u001b[0mPOST /api/admin/vendor-configs/OKECONNECT/test \u001b[32m200\u001b[0m 224.496 ms - 64\u001b[0m","timestamp":"2026-06-03T03:26:12.042Z"}
{"level":"info","message":"\u001b[0mPOST /api/admin/vendor-configs/H2H/test \u001b[32m200\u001b[0m 931.828 ms - 63\u001b[0m","timestamp":"2026-06-03T03:26:17.705Z"}
{"level":"info","message":"OkeConnect Balance Response: Saldo 962","timestamp":"2026-06-03T03:26:21.988Z"}
{"level":"info","message":"\u001b[0mPOST /api/admin/balances/vendors/sync \u001b[32m200\u001b[0m 703.014 ms - 595\u001b[0m","timestamp":"2026-06-03T03:26:22.464Z"}
{"level":"info","message":"\u001b[0mPOST /api/admin/products/sync/digiflazz \u001b[32m200\u001b[0m 3.542 ms - 65\u001b[0m","timestamp":"2026-06-03T03:27:08.163Z"}
{"level":"info","message":"\u001b[0mPOST /api/admin/products/sync/digiflazz \u001b[32m200\u001b[0m 2.117 ms - 65\u001b[0m","timestamp":"2026-06-03T03:27:33.479Z"}
{"level":"error","message":"DigiFlazz Sync: prepaidItems is not an array Anda telah mencapai limitasi pengecekan pricelist, silahkan coba beberapa saat lagi","rc":"83","timestamp":"2026-06-03T03:27:34.181Z"}
{"level":"error","message":"DigiFlazz Sync Error:","timestamp":"2026-06-03T03:27:34.291Z"}
{"level":"error","message":"Background DigiFlazz Sync Error: DigiFlazz API Error (Prepaid): {\"rc\":\"83\",\"message\":\"Anda telah mencapai limitasi pengecekan pricelist, silahkan coba beberapa saat lagi\"}","stack":"Error: DigiFlazz API Error (Prepaid): {\"rc\":\"83\",\"message\":\"Anda telah mencapai limitasi pengecekan pricelist, silahkan coba beberapa saat lagi\"}\n    at Object.syncProducts (file:///home/cavathaeon/OTRVUE/NEOPAY/src/integrations/digiflazz/index.js:37:19)\n    at process.processTicksAndRejections (node:internal/process/task_queues:103:5)\n    at async Object.syncProducts (file:///home/cavathaeon/OTRVUE/NEOPAY/src/modules/admin/sync/digiflazz.service.js:93:30)","timestamp":"2026-06-03T03:27:34.292Z"}
{"data":{"buyer_sku_code":"PDAMKPL","customer_no":"413760800025","message":"IP Anda tidak kami kenali: 125.163.141.150","rc":"45","ref_id":"f8854a8c-48bd-43f4-b4cc-d4d195ae3cce","sn":"","status":"Gagal"},"level":"error","message":"DigiFlazz Inquiry Error:","timestamp":"2026-06-03T03:29:19.916Z"}
{"level":"error","message":"500 - Gagal melakukan inquiry ke DigiFlazz - /api/trx/postpaid/inquiry - POST - ::1","timestamp":"2026-06-03T03:29:19.918Z"}
{"level":"error","timestamp":"2026-06-03T03:29:19.918Z"}
{"level":"info","message":"\u001b[0mPOST /api/trx/postpaid/inquiry \u001b[31m500\u001b[0m 1232.783 ms - 90\u001b[0m","timestamp":"2026-06-03T03:29:19.921Z"}
{"level":"info","message":"\u001b[0mPOST /api/trx/postpaid/inquiry \u001b[32m200\u001b[0m 7022.799 ms - 464\u001b[0m","timestamp":"2026-06-03T03:30:27.638Z"}
{"level":"info","message":"\u001b[0mPOST /api/trx/postpaid/inquiry \u001b[32m200\u001b[0m 3665.747 ms - 341\u001b[0m","timestamp":"2026-06-03T03:32:51.047Z"}
{"level":"info","message":"\u001b[0mPOST /api/trx/postpaid/inquiry \u001b[32m200\u001b[0m 4.612 ms - 358\u001b[0m","timestamp":"2026-06-03T03:32:54.484Z"}
{"level":"info","message":"\u001b[0mPOST /api/trx/postpaid/inquiry \u001b[32m200\u001b[0m 3.911 ms - 358\u001b[0m","timestamp":"2026-06-03T03:32:58.788Z"}
{"level":"info","message":"OkeConnect Balance Response: Saldo 962","timestamp":"2026-06-03T03:33:19.380Z"}
{"level":"info","message":"\u001b[0mPOST /api/admin/balances/vendors/sync \u001b[32m200\u001b[0m 1065.363 ms - 595\u001b[0m","timestamp":"2026-06-03T03:33:20.244Z"}
{"level":"info","message":"Connected to database successfully (mysql2)","timestamp":"2026-06-03T03:35:16.751Z"}
{"level":"info","message":"Checking web configurations...","timestamp":"2026-06-03T03:35:16.757Z"}
{"level":"info","message":"Web configurations synchronized with environment defaults","timestamp":"2026-06-03T03:35:18.331Z"}
{"level":"info","message":"Database seeding completed successfully","timestamp":"2026-06-03T03:35:18.332Z"}
{"level":"info","message":"Server is running on port 3000","timestamp":"2026-06-03T03:35:18.336Z"}
{"level":"info","message":"[Scheduler] Deposit expiry scheduler started (interval: 600s)","timestamp":"2026-06-03T03:35:18.336Z"}
{"level":"info","message":"\u001b[0mPOST /api/trx/postpaid/inquiry \u001b[32m200\u001b[0m 15.415 ms - 358\u001b[0m","timestamp":"2026-06-03T03:36:02.790Z"}
{"level":"info","message":"Connected to database successfully (mysql2)","timestamp":"2026-06-03T03:37:29.431Z"}
{"level":"info","message":"Checking web configurations...","timestamp":"2026-06-03T03:37:29.447Z"}
{"level":"info","message":"Web configurations synchronized with environment defaults","timestamp":"2026-06-03T03:37:30.977Z"}
{"level":"info","message":"Database seeding completed successfully","timestamp":"2026-06-03T03:37:30.978Z"}
{"level":"info","message":"Server is running on port 3000","timestamp":"2026-06-03T03:37:30.982Z"}
{"level":"info","message":"[Scheduler] Deposit expiry scheduler started (interval: 600s)","timestamp":"2026-06-03T03:37:30.982Z"}
{"level":"info","message":"Connected to database successfully (mysql2)","timestamp":"2026-06-03T03:38:43.950Z"}
{"level":"info","message":"Checking web configurations...","timestamp":"2026-06-03T03:38:43.960Z"}
{"level":"info","message":"Web configurations synchronized with environment defaults","timestamp":"2026-06-03T03:38:45.271Z"}
{"level":"info","message":"Database seeding completed successfully","timestamp":"2026-06-03T03:38:45.272Z"}
{"level":"info","message":"Server is running on port 3000","timestamp":"2026-06-03T03:38:45.274Z"}
{"level":"info","message":"[Scheduler] Deposit expiry scheduler started (interval: 600s)","timestamp":"2026-06-03T03:38:45.275Z"}
{"level":"info","message":"Connected to database successfully (mysql2)","timestamp":"2026-06-03T03:41:52.982Z"}
{"level":"info","message":"Checking web configurations...","timestamp":"2026-06-03T03:41:52.994Z"}
{"level":"info","message":"Web configurations synchronized with environment defaults","timestamp":"2026-06-03T03:41:55.002Z"}
{"level":"info","message":"Database seeding completed successfully","timestamp":"2026-06-03T03:41:55.003Z"}
{"level":"info","message":"Server is running on port 3000","timestamp":"2026-06-03T03:41:55.006Z"}
{"level":"info","message":"[Scheduler] Deposit expiry scheduler started (interval: 600s)","timestamp":"2026-06-03T03:41:55.006Z"}
{"level":"warn","message":"Auth: Token expired for request /api/admin/products/sync/okeconnect","timestamp":"2026-06-03T04:24:49.675Z"}
{"level":"info","message":"\u001b[0mPOST /api/admin/products/sync/okeconnect \u001b[33m401\u001b[0m 2.578 ms - 105\u001b[0m","timestamp":"2026-06-03T04:24:49.679Z"}
{"level":"info","message":"\u001b[0mGET /api/admin/configs \u001b[33m401\u001b[0m 1.506 ms - 74\u001b[0m","timestamp":"2026-06-03T04:24:50.216Z"}
{"level":"info","message":"\u001b[0mPOST /api/auth/login \u001b[32m200\u001b[0m 124.899 ms - 379\u001b[0m","timestamp":"2026-06-03T04:24:53.789Z"}
{"level":"info","message":"\u001b[0mPOST /api/auth/login/verify \u001b[32m200\u001b[0m 6.868 ms - 1080\u001b[0m","timestamp":"2026-06-03T04:25:14.665Z"}
{"level":"info","message":"OkeConnect Balance Response: Saldo 962","timestamp":"2026-06-03T04:25:17.180Z"}
{"level":"info","message":"\u001b[0mPOST /api/admin/balances/vendors/sync \u001b[32m200\u001b[0m 2506.746 ms - 595\u001b[0m","timestamp":"2026-06-03T04:25:17.418Z"}
{"level":"info","message":"Connected to database successfully (mysql2)","timestamp":"2026-06-03T04:42:31.401Z"}
{"level":"info","message":"Checking web configurations...","timestamp":"2026-06-03T04:42:31.485Z"}
{"level":"info","message":"Web configurations synchronized with environment defaults","timestamp":"2026-06-03T04:42:32.098Z"}
{"level":"info","message":"Database seeding completed successfully","timestamp":"2026-06-03T04:42:32.099Z"}
{"level":"info","message":"Server is running on port 3000","timestamp":"2026-06-03T04:42:32.103Z"}
{"level":"info","message":"[Scheduler] Deposit expiry scheduler started (interval: 600s)","timestamp":"2026-06-03T04:42:32.104Z"}
{"level":"info","message":"OkeConnect Balance Response: Saldo 962","timestamp":"2026-06-03T04:44:20.388Z"}
{"level":"info","message":"\u001b[0mPOST /api/admin/balances/vendors/sync \u001b[32m200\u001b[0m 1963.540 ms - 595\u001b[0m","timestamp":"2026-06-03T04:44:21.772Z"}
{"level":"info","message":"OkeConnect Balance Response: Saldo 962","timestamp":"2026-06-03T04:44:53.807Z"}
{"level":"info","message":"\u001b[0mPOST /api/admin/balances/vendors/sync \u001b[32m200\u001b[0m 1472.119 ms - 595\u001b[0m","timestamp":"2026-06-03T04:44:53.985Z"}
{"level":"info","message":"\u001b[0mPOST /api/trx/postpaid/inquiry \u001b[32m200\u001b[0m 3748.949 ms - 341\u001b[0m","timestamp":"2026-06-03T04:46:33.157Z"}
{"level":"info","message":"OkeConnect Balance Response: Saldo 962","timestamp":"2026-06-03T04:46:49.166Z"}
{"level":"info","message":"\u001b[0mPOST /api/admin/balances/vendors/sync \u001b[32m200\u001b[0m 1277.706 ms - 595\u001b[0m","timestamp":"2026-06-03T04:46:50.245Z"}
{"level":"info","message":"\u001b[0mPOST /api/trx/postpaid/inquiry \u001b[32m200\u001b[0m 1487.278 ms - 464\u001b[0m","timestamp":"2026-06-03T04:47:46.413Z"}
{"level":"warn","message":"Auth: Token expired for request /api/trx/postpaid/pay","timestamp":"2026-06-03T04:49:28.923Z"}
{"level":"info","message":"\u001b[0mPOST /api/trx/postpaid/pay \u001b[33m401\u001b[0m 1.508 ms - 105\u001b[0m","timestamp":"2026-06-03T04:49:28.924Z"}
{"level":"warn","message":"400 - Silakan lakukan Inquiry (Cek Tagihan) terlebih dahulu. - /api/trx/postpaid/pay - POST - ::1","timestamp":"2026-06-03T04:49:53.365Z"}
{"level":"info","message":"\u001b[0mPOST /api/trx/postpaid/pay \u001b[33m400\u001b[0m 27.234 ms - 125\u001b[0m","timestamp":"2026-06-03T04:49:53.366Z"}
{"level":"info","message":"Connected to database successfully (mysql2)","timestamp":"2026-06-03T04:54:52.794Z"}
{"level":"info","message":"Checking web configurations...","timestamp":"2026-06-03T04:54:52.801Z"}
{"level":"info","message":"Web configurations synchronized with environment defaults","timestamp":"2026-06-03T04:54:53.833Z"}
{"level":"info","message":"Database seeding completed successfully","timestamp":"2026-06-03T04:54:53.834Z"}
{"level":"info","message":"Server is running on port 3000","timestamp":"2026-06-03T04:54:53.837Z"}
{"level":"info","message":"[Scheduler] Deposit expiry scheduler started (interval: 600s)","timestamp":"2026-06-03T04:54:53.838Z"}
{"level":"info","message":"Background Postpaid Started (54e4a5d1-f618-46f4-92b2-ad61063d50e2)","timestamp":"2026-06-03T04:56:32.121Z"}
{"level":"info","message":"\u001b[0mPOST /api/trx/postpaid/pay \u001b[32m200\u001b[0m 348.375 ms - 441\u001b[0m","timestamp":"2026-06-03T04:56:32.131Z"}
{"level":"error","message":"H2H.id Order Error: Saldo tidak cukup","timestamp":"2026-06-03T04:56:33.041Z"}
{"level":"error","message":"Background Postpaid Error (54e4a5d1-f618-46f4-92b2-ad61063d50e2): Saldo tidak cukup","stack":"Error: Saldo tidak cukup\n    at Object.processTransaction (file:///home/cavathaeon/OTRVUE/NEOPAY/src/integrations/h2h/index.js:85:19)\n    at process.processTicksAndRejections (node:internal/process/task_queues:103:5)\n    at async file:///home/cavathaeon/OTRVUE/NEOPAY/src/modules/transaction/service.js:428:34","timestamp":"2026-06-03T04:56:33.043Z"}
{"level":"info","message":"Connected to database successfully (mysql2)","timestamp":"2026-06-03T05:03:30.759Z"}
{"level":"info","message":"Checking web configurations...","timestamp":"2026-06-03T05:03:30.771Z"}
{"level":"info","message":"Web configurations synchronized with environment defaults","timestamp":"2026-06-03T05:03:32.409Z"}
{"level":"info","message":"Database seeding completed successfully","timestamp":"2026-06-03T05:03:32.410Z"}
{"level":"info","message":"Server is running on port 3000","timestamp":"2026-06-03T05:03:32.413Z"}
{"level":"info","message":"[Scheduler] Deposit expiry scheduler started (interval: 600s)","timestamp":"2026-06-03T05:03:32.414Z"}
{"level":"info","message":"Connected to database successfully (mysql2)","timestamp":"2026-06-03T05:07:23.093Z"}
{"level":"info","message":"Checking web configurations...","timestamp":"2026-06-03T05:07:23.101Z"}
{"level":"info","message":"Web configurations synchronized with environment defaults","timestamp":"2026-06-03T05:07:24.544Z"}
{"level":"info","message":"Database seeding completed successfully","timestamp":"2026-06-03T05:07:24.545Z"}
{"level":"info","message":"Server is running on port 3000","timestamp":"2026-06-03T05:07:24.548Z"}
{"level":"info","message":"[Scheduler] Deposit expiry scheduler started (interval: 600s)","timestamp":"2026-06-03T05:07:24.548Z"}
{"level":"info","message":"Connected to database successfully (mysql2)","timestamp":"2026-06-03T05:07:33.965Z"}
{"level":"info","message":"Checking web configurations...","timestamp":"2026-06-03T05:07:33.972Z"}
{"level":"info","message":"Web configurations synchronized with environment defaults","timestamp":"2026-06-03T05:07:35.197Z"}
{"level":"info","message":"Database seeding completed successfully","timestamp":"2026-06-03T05:07:35.198Z"}
{"level":"info","message":"Server is running on port 3000","timestamp":"2026-06-03T05:07:35.204Z"}
{"level":"info","message":"[Scheduler] Deposit expiry scheduler started (interval: 600s)","timestamp":"2026-06-03T05:07:35.204Z"}
{"level":"info","message":"Connected to database successfully (mysql2)","timestamp":"2026-06-03T05:08:04.105Z"}
{"level":"info","message":"Checking web configurations...","timestamp":"2026-06-03T05:08:04.117Z"}
{"level":"info","message":"Web configurations synchronized with environment defaults","timestamp":"2026-06-03T05:08:05.748Z"}
{"level":"info","message":"Database seeding completed successfully","timestamp":"2026-06-03T05:08:05.749Z"}
{"level":"info","message":"Server is running on port 3000","timestamp":"2026-06-03T05:08:05.753Z"}
{"level":"info","message":"[Scheduler] Deposit expiry scheduler started (interval: 600s)","timestamp":"2026-06-03T05:08:05.754Z"}
{"level":"error","message":"500 - pricingProduct is not defined - /api/trx/postpaid/pay - POST - ::1","timestamp":"2026-06-03T05:11:56.943Z"}
{"level":"error","message":"ReferenceError: pricingProduct is not defined\n    at Object.processPostpaidPay (file:///home/cavathaeon/OTRVUE/NEOPAY/src/modules/transaction/service.js:384:62)\n    at process.processTicksAndRejections (node:internal/process/task_queues:103:5)\n    at async postpaidPay (file:///home/cavathaeon/OTRVUE/NEOPAY/src/modules/transaction/controller.js:88:28)","timestamp":"2026-06-03T05:11:56.944Z"}
{"level":"info","message":"\u001b[0mPOST /api/trx/postpaid/pay \u001b[31m500\u001b[0m 19.258 ms - 91\u001b[0m","timestamp":"2026-06-03T05:11:56.952Z"}
{"level":"info","message":"\u001b[0mPOST /api/trx/postpaid/inquiry \u001b[32m200\u001b[0m 5520.834 ms - 341\u001b[0m","timestamp":"2026-06-03T05:12:53.305Z"}
{"level":"error","message":"500 - pricingProduct is not defined - /api/trx/postpaid/pay - POST - ::1","timestamp":"2026-06-03T05:14:13.739Z"}
{"level":"error","message":"ReferenceError: pricingProduct is not defined\n    at Object.processPostpaidPay (file:///home/cavathaeon/OTRVUE/NEOPAY/src/modules/transaction/service.js:384:62)\n    at process.processTicksAndRejections (node:internal/process/task_queues:103:5)\n    at async postpaidPay (file:///home/cavathaeon/OTRVUE/NEOPAY/src/modules/transaction/controller.js:88:28)","timestamp":"2026-06-03T05:14:13.740Z"}
{"level":"info","message":"\u001b[0mPOST /api/trx/postpaid/pay \u001b[31m500\u001b[0m 8.364 ms - 91\u001b[0m","timestamp":"2026-06-03T05:14:13.744Z"}
{"level":"info","message":"Connected to database successfully (mysql2)","timestamp":"2026-06-03T05:14:47.810Z"}
{"level":"info","message":"Checking web configurations...","timestamp":"2026-06-03T05:14:47.822Z"}
{"level":"info","message":"Web configurations synchronized with environment defaults","timestamp":"2026-06-03T05:14:48.770Z"}
{"level":"info","message":"Database seeding completed successfully","timestamp":"2026-06-03T05:14:48.773Z"}
{"level":"info","message":"Server is running on port 3000","timestamp":"2026-06-03T05:14:48.777Z"}
{"level":"info","message":"[Scheduler] Deposit expiry scheduler started (interval: 600s)","timestamp":"2026-06-03T05:14:48.777Z"}
{"level":"info","message":"Connected to database successfully (mysql2)","timestamp":"2026-06-03T05:15:10.884Z"}
{"level":"info","message":"Checking web configurations...","timestamp":"2026-06-03T05:15:10.896Z"}
{"level":"info","message":"Web configurations synchronized with environment defaults","timestamp":"2026-06-03T05:15:11.923Z"}
{"level":"info","message":"Database seeding completed successfully","timestamp":"2026-06-03T05:15:11.924Z"}
{"level":"info","message":"Server is running on port 3000","timestamp":"2026-06-03T05:15:11.927Z"}
{"level":"info","message":"[Scheduler] Deposit expiry scheduler started (interval: 600s)","timestamp":"2026-06-03T05:15:11.928Z"}
{"level":"info","message":"Background Postpaid Started (472cd1bc-cebb-449b-9172-2ce299991401)","timestamp":"2026-06-03T05:16:31.819Z"}
{"level":"info","message":"\u001b[0mPOST /api/trx/postpaid/pay \u001b[32m200\u001b[0m 225.602 ms - 441\u001b[0m","timestamp":"2026-06-03T05:16:31.828Z"}
{"level":"error","message":"H2H.id Order Error: Saldo tidak cukup","timestamp":"2026-06-03T05:16:32.958Z"}
{"level":"error","message":"Background Postpaid Error (472cd1bc-cebb-449b-9172-2ce299991401): Saldo tidak cukup","stack":"Error: Saldo tidak cukup\n    at Object.processTransaction (file:///home/cavathaeon/OTRVUE/NEOPAY/src/integrations/h2h/index.js:85:19)\n    at process.processTicksAndRejections (node:internal/process/task_queues:103:5)\n    at async file:///home/cavathaeon/OTRVUE/NEOPAY/src/modules/transaction/service.js:436:34","timestamp":"2026-06-03T05:16:32.959Z"}
{"level":"info","message":"\u001b[0mPOST /api/admin/products/sync/okeconnect \u001b[32m200\u001b[0m 4.020 ms - 66\u001b[0m","timestamp":"2026-06-03T05:18:23.166Z"}
{"level":"info","message":"\u001b[0mPOST /api/admin/products/sync/okeconnect \u001b[32m200\u001b[0m 3.985 ms - 66\u001b[0m","timestamp":"2026-06-03T05:18:35.937Z"}
{"errorCode":"SYNC_ALREADY_RUNNING","level":"error","message":"Background OkeConnect Sync Error: Proses sinkronisasi OkeConnect sedang berjalan","status":400,"timestamp":"2026-06-03T05:18:35.939Z"}
{"level":"info","message":"\u001b[0mPOST /api/trx/postpaid/inquiry \u001b[32m200\u001b[0m 11.092 ms - 322\u001b[0m","timestamp":"2026-06-03T05:22:15.768Z"}
{"level":"info","message":"Connected to database successfully (mysql2)","timestamp":"2026-06-03T05:26:55.786Z"}
{"level":"info","message":"Checking web configurations...","timestamp":"2026-06-03T05:26:55.804Z"}
{"level":"info","message":"Web configurations synchronized with environment defaults","timestamp":"2026-06-03T05:26:57.031Z"}
{"level":"info","message":"Database seeding completed successfully","timestamp":"2026-06-03T05:26:57.032Z"}
{"level":"info","message":"Server is running on port 3000","timestamp":"2026-06-03T05:26:57.036Z"}
{"level":"info","message":"[Scheduler] Deposit expiry scheduler started (interval: 600s)","timestamp":"2026-06-03T05:26:57.037Z"}
{"level":"info","message":"Connected to database successfully (mysql2)","timestamp":"2026-06-03T05:27:23.883Z"}
{"level":"info","message":"Checking web configurations...","timestamp":"2026-06-03T05:27:23.890Z"}
{"level":"info","message":"Web configurations synchronized with environment defaults","timestamp":"2026-06-03T05:27:25.279Z"}
{"level":"info","message":"Database seeding completed successfully","timestamp":"2026-06-03T05:27:25.280Z"}
{"level":"info","message":"Server is running on port 3000","timestamp":"2026-06-03T05:27:25.283Z"}
{"level":"info","message":"[Scheduler] Deposit expiry scheduler started (interval: 600s)","timestamp":"2026-06-03T05:27:25.284Z"}
{"level":"info","message":"Connected to database successfully (mysql2)","timestamp":"2026-06-03T05:27:33.627Z"}
{"level":"info","message":"Checking web configurations...","timestamp":"2026-06-03T05:27:33.639Z"}
{"level":"info","message":"Web configurations synchronized with environment defaults","timestamp":"2026-06-03T05:27:34.689Z"}
{"level":"info","message":"Database seeding completed successfully","timestamp":"2026-06-03T05:27:34.693Z"}
{"level":"info","message":"Server is running on port 3000","timestamp":"2026-06-03T05:27:34.696Z"}
{"level":"info","message":"[Scheduler] Deposit expiry scheduler started (interval: 600s)","timestamp":"2026-06-03T05:27:34.698Z"}
{"level":"info","message":"\u001b[0mPOST /api/trx/postpaid/inquiry \u001b[32m200\u001b[0m 1095.933 ms - 202\u001b[0m","timestamp":"2026-06-03T05:28:23.273Z"}
{"level":"info","message":"\u001b[0mPOST /api/trx/postpaid/inquiry \u001b[32m200\u001b[0m 1634.484 ms - 202\u001b[0m","timestamp":"2026-06-03T05:30:25.204Z"}
{"level":"info","message":"Connected to database successfully (mysql2)","timestamp":"2026-06-03T05:35:01.073Z"}
{"level":"info","message":"Checking web configurations...","timestamp":"2026-06-03T05:35:01.080Z"}
{"level":"info","message":"Web configurations synchronized with environment defaults","timestamp":"2026-06-03T05:35:02.092Z"}
{"level":"info","message":"Database seeding completed successfully","timestamp":"2026-06-03T05:35:02.094Z"}
{"level":"info","message":"Server is running on port 3000","timestamp":"2026-06-03T05:35:02.102Z"}
{"level":"info","message":"[Scheduler] Deposit expiry scheduler started (interval: 600s)","timestamp":"2026-06-03T05:35:02.102Z"}
{"level":"info","message":"\u001b[0mPOST /api/trx/postpaid/inquiry \u001b[32m200\u001b[0m 18.457 ms - 285\u001b[0m","timestamp":"2026-06-03T05:36:43.455Z"}
{"level":"info","message":"\u001b[0mPOST /api/trx/postpaid/inquiry \u001b[32m200\u001b[0m 815.618 ms - 202\u001b[0m","timestamp":"2026-06-03T05:41:54.862Z"}
{"level":"info","message":"OkeConnect Balance Response: Saldo 962","timestamp":"2026-06-03T05:43:46.508Z"}
{"level":"info","message":"\u001b[0mPOST /api/admin/balances/vendors/sync \u001b[32m200\u001b[0m 1452.248 ms - 595\u001b[0m","timestamp":"2026-06-03T05:43:47.778Z"}
{"level":"info","message":"Connected to database successfully (mysql2)","timestamp":"2026-06-03T05:45:42.438Z"}
{"level":"info","message":"Checking web configurations...","timestamp":"2026-06-03T05:45:42.448Z"}
{"level":"info","message":"Web configurations synchronized with environment defaults","timestamp":"2026-06-03T05:45:43.272Z"}
{"level":"info","message":"Database seeding completed successfully","timestamp":"2026-06-03T05:45:43.273Z"}
{"level":"info","message":"Server is running on port 3000","timestamp":"2026-06-03T05:45:43.275Z"}
{"level":"info","message":"[Scheduler] Deposit expiry scheduler started (interval: 600s)","timestamp":"2026-06-03T05:45:43.276Z"}
{"level":"info","message":"Connected to database successfully (mysql2)","timestamp":"2026-06-03T05:46:01.777Z"}
{"level":"info","message":"Checking web configurations...","timestamp":"2026-06-03T05:46:01.788Z"}
{"level":"info","message":"Web configurations synchronized with environment defaults","timestamp":"2026-06-03T05:46:02.493Z"}
{"level":"info","message":"Database seeding completed successfully","timestamp":"2026-06-03T05:46:02.494Z"}
{"level":"info","message":"Server is running on port 3000","timestamp":"2026-06-03T05:46:02.498Z"}
{"level":"info","message":"[Scheduler] Deposit expiry scheduler started (interval: 600s)","timestamp":"2026-06-03T05:46:02.498Z"}
{"level":"info","message":"Connected to database successfully (mysql2)","timestamp":"2026-06-03T05:46:41.257Z"}
{"level":"info","message":"Checking web configurations...","timestamp":"2026-06-03T05:46:41.265Z"}
{"level":"info","message":"Web configurations synchronized with environment defaults","timestamp":"2026-06-03T05:46:42.448Z"}
{"level":"info","message":"Database seeding completed successfully","timestamp":"2026-06-03T05:46:42.449Z"}
{"level":"info","message":"Server is running on port 3000","timestamp":"2026-06-03T05:46:42.452Z"}
{"level":"info","message":"[Scheduler] Deposit expiry scheduler started (interval: 600s)","timestamp":"2026-06-03T05:46:42.453Z"}
{"level":"info","message":"\u001b[0mPOST /api/trx/postpaid/inquiry \u001b[32m200\u001b[0m 963.679 ms - 202\u001b[0m","timestamp":"2026-06-03T06:01:42.364Z"}
{"level":"error","message":"500 - deductionPricing is not defined - /api/trx/postpaid/pay - POST - ::1","timestamp":"2026-06-03T06:02:25.953Z"}
{"level":"error","message":"ReferenceError: deductionPricing is not defined\n    at Object.processPostpaidPay (file:///home/cavathaeon/OTRVUE/NEOPAY/src/modules/transaction/service.js:421:22)\n    at process.processTicksAndRejections (node:internal/process/task_queues:103:5)\n    at async postpaidPay (file:///home/cavathaeon/OTRVUE/NEOPAY/src/modules/transaction/controller.js:88:28)","timestamp":"2026-06-03T06:02:25.955Z"}
{"level":"info","message":"\u001b[0mPOST /api/trx/postpaid/pay \u001b[31m500\u001b[0m 9.941 ms - 91\u001b[0m","timestamp":"2026-06-03T06:02:25.956Z"}
{"level":"info","message":"Connected to database successfully (mysql2)","timestamp":"2026-06-03T06:05:33.223Z"}
{"level":"info","message":"Checking web configurations...","timestamp":"2026-06-03T06:05:33.230Z"}
{"level":"info","message":"Web configurations synchronized with environment defaults","timestamp":"2026-06-03T06:05:33.770Z"}
{"level":"info","message":"Database seeding completed successfully","timestamp":"2026-06-03T06:05:33.770Z"}
{"level":"info","message":"Server is running on port 3000","timestamp":"2026-06-03T06:05:33.774Z"}
{"level":"info","message":"[Scheduler] Deposit expiry scheduler started (interval: 600s)","timestamp":"2026-06-03T06:05:33.774Z"}
{"level":"warn","message":"400 - Saldo tidak cukup - /api/trx/postpaid/pay - POST - ::1","timestamp":"2026-06-03T06:05:54.813Z"}
{"level":"info","message":"\u001b[0mPOST /api/trx/postpaid/pay \u001b[33m400\u001b[0m 20.305 ms - 94\u001b[0m","timestamp":"2026-06-03T06:05:54.818Z"}
{"level":"info","message":"\u001b[0mPOST /api/admin/users/0d595fde-6392-4d0e-97b1-670ec81e2e5a/balance \u001b[32m200\u001b[0m 175.943 ms - 136\u001b[0m","timestamp":"2026-06-03T06:06:55.737Z"}
{"level":"info","message":"Background Postpaid Started (856ee28f-a01c-49ed-9cc6-078922e02547)","timestamp":"2026-06-03T06:07:04.858Z"}
{"level":"info","message":"\u001b[0mPOST /api/trx/postpaid/pay \u001b[32m200\u001b[0m 142.468 ms - 441\u001b[0m","timestamp":"2026-06-03T06:07:04.860Z"}
{"level":"error","message":"Background Postpaid Error (856ee28f-a01c-49ed-9cc6-078922e02547):  R#856ee28f-a01c-49ed-9cc6-078922e02547  BPAM214.413760800025 GAGAL. Sisa saldo kamu kurang dari Rp 78.630. Saldo 962 @13:07","stack":"Error:  R#856ee28f-a01c-49ed-9cc6-078922e02547  BPAM214.413760800025 GAGAL. Sisa saldo kamu kurang dari Rp 78.630. Saldo 962 @13:07\n    at Object.processTransaction (file:///home/cavathaeon/OTRVUE/NEOPAY/src/integrations/okeconnect/index.js:35:19)\n    at process.processTicksAndRejections (node:internal/process/task_queues:103:5)\n    at async file:///home/cavathaeon/OTRVUE/NEOPAY/src/modules/transaction/service.js:437:41","timestamp":"2026-06-03T06:07:05.475Z"}
{"level":"info","message":"Connected to database successfully (mysql2)","timestamp":"2026-06-03T06:09:43.472Z"}
{"level":"info","message":"Checking web configurations...","timestamp":"2026-06-03T06:09:43.481Z"}
{"level":"info","message":"Web configurations synchronized with environment defaults","timestamp":"2026-06-03T06:09:45.382Z"}
{"level":"info","message":"Database seeding completed successfully","timestamp":"2026-06-03T06:09:45.383Z"}
{"level":"info","message":"Server is running on port 3000","timestamp":"2026-06-03T06:09:45.387Z"}
{"level":"info","message":"[Scheduler] Deposit expiry scheduler started (interval: 600s)","timestamp":"2026-06-03T06:09:45.388Z"}
{"level":"info","message":"Connected to database successfully (mysql2)","timestamp":"2026-06-03T06:09:57.404Z"}
{"level":"info","message":"Checking web configurations...","timestamp":"2026-06-03T06:09:57.412Z"}
{"level":"info","message":"Web configurations synchronized with environment defaults","timestamp":"2026-06-03T06:09:57.962Z"}
{"level":"info","message":"Database seeding completed successfully","timestamp":"2026-06-03T06:09:57.963Z"}
{"level":"info","message":"Server is running on port 3000","timestamp":"2026-06-03T06:09:57.967Z"}
{"level":"info","message":"[Scheduler] Deposit expiry scheduler started (interval: 600s)","timestamp":"2026-06-03T06:09:57.968Z"}
{"level":"info","message":"Connected to database successfully (mysql2)","timestamp":"2026-06-03T06:16:06.980Z"}
{"level":"info","message":"Checking web configurations...","timestamp":"2026-06-03T06:16:06.988Z"}
{"level":"info","message":"Web configurations synchronized with environment defaults","timestamp":"2026-06-03T06:16:07.851Z"}
{"level":"info","message":"Database seeding completed successfully","timestamp":"2026-06-03T06:16:07.853Z"}
{"level":"info","message":"Server is running on port 3000","timestamp":"2026-06-03T06:16:07.857Z"}
{"level":"info","message":"[Scheduler] Deposit expiry scheduler started (interval: 600s)","timestamp":"2026-06-03T06:16:07.858Z"}
{"level":"info","message":"Connected to database successfully (mysql2)","timestamp":"2026-06-03T06:17:17.368Z"}
{"level":"info","message":"Checking web configurations...","timestamp":"2026-06-03T06:17:17.379Z"}
{"level":"info","message":"Web configurations synchronized with environment defaults","timestamp":"2026-06-03T06:17:18.843Z"}
{"level":"info","message":"Database seeding completed successfully","timestamp":"2026-06-03T06:17:18.843Z"}
{"level":"info","message":"Server is running on port 3000","timestamp":"2026-06-03T06:17:18.847Z"}
{"level":"info","message":"[Scheduler] Deposit expiry scheduler started (interval: 600s)","timestamp":"2026-06-03T06:17:18.848Z"}
{"level":"info","message":"Connected to database successfully (mysql2)","timestamp":"2026-06-03T06:17:36.336Z"}
{"level":"info","message":"Checking web configurations...","timestamp":"2026-06-03T06:17:36.346Z"}
{"level":"info","message":"Web configurations synchronized with environment defaults","timestamp":"2026-06-03T06:17:37.412Z"}
{"level":"info","message":"Database seeding completed successfully","timestamp":"2026-06-03T06:17:37.415Z"}
{"level":"info","message":"Server is running on port 3000","timestamp":"2026-06-03T06:17:37.418Z"}
{"level":"info","message":"[Scheduler] Deposit expiry scheduler started (interval: 600s)","timestamp":"2026-06-03T06:17:37.419Z"}
{"level":"info","message":"Connected to database successfully (mysql2)","timestamp":"2026-06-03T06:39:25.241Z"}
{"level":"info","message":"Checking web configurations...","timestamp":"2026-06-03T06:39:25.249Z"}
{"level":"info","message":"Web configurations synchronized with environment defaults","timestamp":"2026-06-03T06:39:25.822Z"}
{"level":"info","message":"Database seeding completed successfully","timestamp":"2026-06-03T06:39:25.823Z"}
{"level":"info","message":"Server is running on port 3000","timestamp":"2026-06-03T06:39:25.827Z"}
{"level":"info","message":"[Scheduler] Deposit expiry scheduler started (interval: 600s)","timestamp":"2026-06-03T06:39:25.827Z"}
{"level":"info","message":"Connected to database successfully (mysql2)","timestamp":"2026-06-03T06:42:47.923Z"}
{"level":"info","message":"Checking web configurations...","timestamp":"2026-06-03T06:42:47.930Z"}
{"level":"info","message":"Web configurations synchronized with environment defaults","timestamp":"2026-06-03T06:42:48.600Z"}
{"level":"info","message":"Database seeding completed successfully","timestamp":"2026-06-03T06:42:48.603Z"}
{"level":"info","message":"Server is running on port 3000","timestamp":"2026-06-03T06:42:48.607Z"}
{"level":"info","message":"[Scheduler] Deposit expiry scheduler started (interval: 600s)","timestamp":"2026-06-03T06:42:48.607Z"}
{"level":"info","message":"Connected to database successfully (mysql2)","timestamp":"2026-06-03T06:43:12.196Z"}
{"level":"info","message":"Checking web configurations...","timestamp":"2026-06-03T06:43:12.208Z"}
{"level":"info","message":"Web configurations synchronized with environment defaults","timestamp":"2026-06-03T06:43:13.314Z"}
{"level":"info","message":"Database seeding completed successfully","timestamp":"2026-06-03T06:43:13.316Z"}
{"level":"info","message":"Server is running on port 3000","timestamp":"2026-06-03T06:43:13.321Z"}
{"level":"info","message":"[Scheduler] Deposit expiry scheduler started (interval: 600s)","timestamp":"2026-06-03T06:43:13.321Z"}
{"level":"info","message":"\u001b[0mPOST /api/trx/postpaid/inquiry \u001b[32m200\u001b[0m 967.416 ms - 202\u001b[0m","timestamp":"2026-06-03T06:45:27.741Z"}
{"level":"info","message":"Background Postpaid Started (fe4aba8d-89a8-4e99-9fc3-22f553827c5d)","timestamp":"2026-06-03T06:46:52.885Z"}
{"level":"info","message":"\u001b[0mPOST /api/trx/postpaid/pay \u001b[32m200\u001b[0m 147.666 ms - 441\u001b[0m","timestamp":"2026-06-03T06:46:52.889Z"}
{"level":"error","message":"Background Postpaid Error (fe4aba8d-89a8-4e99-9fc3-22f553827c5d):  R#fe4aba8d-89a8-4e99-9fc3-22f553827c5d  BPAM214.413760800025 GAGAL. Sisa saldo kamu kurang dari Rp 78.630. Saldo 962 @13:46","stack":"Error:  R#fe4aba8d-89a8-4e99-9fc3-22f553827c5d  BPAM214.413760800025 GAGAL. Sisa saldo kamu kurang dari Rp 78.630. Saldo 962 @13:46\n    at Object.processTransaction (file:///home/cavathaeon/OTRVUE/NEOPAY/src/integrations/okeconnect/index.js:35:19)\n    at process.processTicksAndRejections (node:internal/process/task_queues:103:5)\n    at async file:///home/cavathaeon/OTRVUE/NEOPAY/src/modules/transaction/service.js:447:41","timestamp":"2026-06-03T06:46:53.277Z"}
{"level":"info","message":"\u001b[0mPOST /api/trx/postpaid/inquiry \u001b[32m200\u001b[0m 8.791 ms - 265\u001b[0m","timestamp":"2026-06-03T06:47:44.064Z"}
{"level":"info","message":"Background Postpaid Started (5eadb9c8-fdff-49a6-92eb-a39b411f5257)","timestamp":"2026-06-03T06:48:05.347Z"}
{"level":"info","message":"\u001b[0mPOST /api/trx/postpaid/pay \u001b[32m200\u001b[0m 229.590 ms - 441\u001b[0m","timestamp":"2026-06-03T06:48:05.348Z"}
{"level":"error","message":"H2H.id Order Error: Inquiry tidak ditemukan atau bukan milik akun ini","timestamp":"2026-06-03T06:48:06.254Z"}
{"level":"error","message":"Background Postpaid Error (5eadb9c8-fdff-49a6-92eb-a39b411f5257): Inquiry tidak ditemukan atau bukan milik akun ini","stack":"Error: Inquiry tidak ditemukan atau bukan milik akun ini\n    at Object.processTransaction (file:///home/cavathaeon/OTRVUE/NEOPAY/src/integrations/h2h/index.js:85:19)\n    at process.processTicksAndRejections (node:internal/process/task_queues:103:5)\n    at async file:///home/cavathaeon/OTRVUE/NEOPAY/src/modules/transaction/service.js:453:34","timestamp":"2026-06-03T06:48:06.254Z"}
{"level":"info","message":"Connected to database successfully (mysql2)","timestamp":"2026-06-03T06:57:52.446Z"}
{"level":"info","message":"Checking web configurations...","timestamp":"2026-06-03T06:57:52.456Z"}
{"level":"info","message":"Web configurations synchronized with environment defaults","timestamp":"2026-06-03T06:57:53.927Z"}
{"level":"info","message":"Database seeding completed successfully","timestamp":"2026-06-03T06:57:53.928Z"}
{"level":"info","message":"Server is running on port 3000","timestamp":"2026-06-03T06:57:53.931Z"}
{"level":"info","message":"[Scheduler] Deposit expiry scheduler started (interval: 600s)","timestamp":"2026-06-03T06:57:53.932Z"}
{"level":"warn","message":"400 - Produk tidak aktif - /api/trx/postpaid/inquiry - POST - ::1","timestamp":"2026-06-03T07:02:44.349Z"}
{"level":"info","message":"\u001b[0mPOST /api/trx/postpaid/inquiry \u001b[33m400\u001b[0m 12.494 ms - 91\u001b[0m","timestamp":"2026-06-03T07:02:44.357Z"}
{"level":"info","message":"\u001b[0mPOST /api/trx/postpaid/inquiry \u001b[32m200\u001b[0m 3809.526 ms - 341\u001b[0m","timestamp":"2026-06-03T07:04:03.539Z"}
{"level":"info","message":"Background Postpaid Started (be7f1127-dbfa-46f3-8e4a-4bbde86213b3)","timestamp":"2026-06-03T07:04:14.106Z"}
{"level":"info","message":"\u001b[0mPOST /api/trx/postpaid/pay \u001b[32m200\u001b[0m 143.862 ms - 441\u001b[0m","timestamp":"2026-06-03T07:04:14.107Z"}
{"level":"error","message":"H2H.id Order Error: Saldo tidak cukup","timestamp":"2026-06-03T07:04:14.745Z"}
{"level":"error","message":"Background Postpaid Error (be7f1127-dbfa-46f3-8e4a-4bbde86213b3): Saldo tidak cukup","stack":"Error: Saldo tidak cukup\n    at Object.processTransaction (file:///home/cavathaeon/OTRVUE/NEOPAY/src/integrations/h2h/index.js:85:19)\n    at process.processTicksAndRejections (node:internal/process/task_queues:103:5)\n    at async file:///home/cavathaeon/OTRVUE/NEOPAY/src/modules/transaction/service.js:470:34","timestamp":"2026-06-03T07:04:14.747Z"}
{"level":"warn","message":"400 - Produk tidak aktif - /api/trx/postpaid/pay - POST - ::1","timestamp":"2026-06-03T07:04:58.240Z"}
{"level":"info","message":"\u001b[0mPOST /api/trx/postpaid/pay \u001b[33m400\u001b[0m 3.540 ms - 91\u001b[0m","timestamp":"2026-06-03T07:04:58.241Z"}
{"level":"warn","message":"400 - Produk tidak aktif - /api/trx/postpaid/pay - POST - ::1","timestamp":"2026-06-03T07:05:04.644Z"}
{"level":"info","message":"\u001b[0mPOST /api/trx/postpaid/pay \u001b[33m400\u001b[0m 2.705 ms - 91\u001b[0m","timestamp":"2026-06-03T07:05:04.645Z"}
{"level":"info","message":"Background Postpaid Started (70798a30-3ab6-41a9-b472-4388e69dc720)","timestamp":"2026-06-03T07:05:10.222Z"}
{"level":"info","message":"\u001b[0mPOST /api/trx/postpaid/pay \u001b[32m200\u001b[0m 131.673 ms - 441\u001b[0m","timestamp":"2026-06-03T07:05:10.223Z"}
{"level":"error","message":"H2H.id Order Error: Inquiry sudah kadaluwarsa atau dipakai. Silakan cek tagihan ulang.","timestamp":"2026-06-03T07:05:10.533Z"}
{"level":"error","message":"Background Postpaid Error (70798a30-3ab6-41a9-b472-4388e69dc720): Inquiry sudah kadaluwarsa atau dipakai. Silakan cek tagihan ulang.","stack":"Error: Inquiry sudah kadaluwarsa atau dipakai. Silakan cek tagihan ulang.\n    at Object.processTransaction (file:///home/cavathaeon/OTRVUE/NEOPAY/src/integrations/h2h/index.js:85:19)\n    at process.processTicksAndRejections (node:internal/process/task_queues:103:5)\n    at async file:///home/cavathaeon/OTRVUE/NEOPAY/src/modules/transaction/service.js:470:34","timestamp":"2026-06-03T07:05:10.533Z"}
{"level":"info","message":"\u001b[0mPOST /api/trx/postpaid/inquiry \u001b[32m200\u001b[0m 6.812 ms - 342\u001b[0m","timestamp":"2026-06-03T07:06:21.660Z"}
{"level":"info","message":"Background Postpaid Started (198077a4-365e-4290-a93b-837efb35968b)","timestamp":"2026-06-03T07:07:06.226Z"}
{"level":"info","message":"\u001b[0mPOST /api/trx/postpaid/pay \u001b[32m200\u001b[0m 127.219 ms - 441\u001b[0m","timestamp":"2026-06-03T07:07:06.227Z"}
{"level":"error","message":"Background Postpaid Error (198077a4-365e-4290-a93b-837efb35968b):  R#198077a4-365e-4290-a93b-837efb35968b  BPAM214.413760800025 GAGAL. Sisa saldo kamu kurang dari Rp 78.630. Saldo 962 @14:07","stack":"Error:  R#198077a4-365e-4290-a93b-837efb35968b  BPAM214.413760800025 GAGAL. Sisa saldo kamu kurang dari Rp 78.630. Saldo 962 @14:07\n    at Object.processTransaction (file:///home/cavathaeon/OTRVUE/NEOPAY/src/integrations/okeconnect/index.js:35:19)\n    at process.processTicksAndRejections (node:internal/process/task_queues:103:5)\n    at async file:///home/cavathaeon/OTRVUE/NEOPAY/src/modules/transaction/service.js:464:41","timestamp":"2026-06-03T07:07:06.779Z"}
{"level":"info","message":"Connected to database successfully (mysql2)","timestamp":"2026-06-03T07:09:08.478Z"}
{"level":"info","message":"Checking web configurations...","timestamp":"2026-06-03T07:09:08.485Z"}
{"level":"info","message":"Web configurations synchronized with environment defaults","timestamp":"2026-06-03T07:09:09.618Z"}
{"level":"info","message":"Database seeding completed successfully","timestamp":"2026-06-03T07:09:09.618Z"}
{"level":"info","message":"Server is running on port 3000","timestamp":"2026-06-03T07:09:09.621Z"}
{"level":"info","message":"[Scheduler] Deposit expiry scheduler started (interval: 600s)","timestamp":"2026-06-03T07:09:09.621Z"}
{"level":"info","message":"Connected to database successfully (mysql2)","timestamp":"2026-06-03T07:09:29.317Z"}
{"level":"info","message":"Checking web configurations...","timestamp":"2026-06-03T07:09:29.325Z"}
{"level":"info","message":"Web configurations synchronized with environment defaults","timestamp":"2026-06-03T07:09:30.649Z"}
{"level":"info","message":"Database seeding completed successfully","timestamp":"2026-06-03T07:09:30.650Z"}
{"level":"info","message":"Server is running on port 3000","timestamp":"2026-06-03T07:09:30.653Z"}
{"level":"info","message":"[Scheduler] Deposit expiry scheduler started (interval: 600s)","timestamp":"2026-06-03T07:09:30.654Z"}
{"level":"info","message":"\u001b[0mPOST /api/trx/postpaid/inquiry \u001b[32m200\u001b[0m 18.633 ms - 343\u001b[0m","timestamp":"2026-06-03T07:11:01.180Z"}
{"level":"info","message":"Background Postpaid Started (7e047994-fbae-48a1-90d1-22ce4c4b748b)","timestamp":"2026-06-03T07:11:17.852Z"}
{"level":"info","message":"\u001b[0mPOST /api/trx/postpaid/pay \u001b[32m200\u001b[0m 185.285 ms - 441\u001b[0m","timestamp":"2026-06-03T07:11:17.854Z"}
{"level":"error","message":"Background Postpaid Error (7e047994-fbae-48a1-90d1-22ce4c4b748b):  R#7e047994-fbae-48a1-90d1-22ce4c4b748b  BPAM214.413760800025 GAGAL. Sisa saldo kamu kurang dari Rp 78.630. Saldo 962 @14:11","stack":"Error:  R#7e047994-fbae-48a1-90d1-22ce4c4b748b  BPAM214.413760800025 GAGAL. Sisa saldo kamu kurang dari Rp 78.630. Saldo 962 @14:11\n    at Object.processTransaction (file:///home/cavathaeon/OTRVUE/NEOPAY/src/integrations/okeconnect/index.js:35:19)\n    at process.processTicksAndRejections (node:internal/process/task_queues:103:5)\n    at async file:///home/cavathaeon/OTRVUE/NEOPAY/src/modules/transaction/service.js:481:41","timestamp":"2026-06-03T07:11:18.423Z"}
{"level":"info","message":"Background Postpaid Started (3991df3a-d2a0-4ba9-a4d9-7abe0833338a)","timestamp":"2026-06-03T07:19:35.975Z"}
{"level":"info","message":"\u001b[0mPOST /api/trx/postpaid/pay \u001b[32m200\u001b[0m 154.280 ms - 439\u001b[0m","timestamp":"2026-06-03T07:19:35.977Z"}
{"level":"error","message":"Background Postpaid Error (3991df3a-d2a0-4ba9-a4d9-7abe0833338a): SKU tidak di temukan atau Non-Aktif","stack":"AxiosError: Request failed with status code 400\n    at settle (file:///home/cavathaeon/OTRVUE/NEOPAY/node_modules/axios/lib/core/settle.js:19:12)\n    at IncomingMessage.handleStreamEnd (file:///home/cavathaeon/OTRVUE/NEOPAY/node_modules/axios/lib/adapters/http.js:1139:13)\n    at IncomingMessage.emit (node:events:520:35)\n    at endReadableNT (node:internal/streams/readable:1701:12)\n    at process.processTicksAndRejections (node:internal/process/task_queues:89:21)\n    at Axios.request (file:///home/cavathaeon/OTRVUE/NEOPAY/node_modules/axios/lib/core/Axios.js:46:41)\n    at process.processTicksAndRejections (node:internal/process/task_queues:103:5)\n    at async Object.processTransaction (file:///home/cavathaeon/OTRVUE/NEOPAY/src/integrations/digiflazz/index.js:54:26)\n    at async file:///home/cavathaeon/OTRVUE/NEOPAY/src/modules/transaction/service.js:475:34","timestamp":"2026-06-03T07:19:36.254Z","vendorResponse":{"data":{"buyer_sku_code":"PDAMATPL","customer_no":"413760800025","message":"SKU tidak di temukan atau Non-Aktif","rc":"43","ref_id":"3991df3a-d2a0-4ba9-a4d9-7abe0833338a","sn":"","status":"Gagal"}}}
{"level":"info","message":"Background Postpaid Started (0cd4a7b4-fa86-4049-983f-7dfcdae791e5)","timestamp":"2026-06-03T07:26:42.312Z"}
{"level":"info","message":"\u001b[0mPOST /api/trx/postpaid/pay \u001b[32m200\u001b[0m 195.705 ms - 439\u001b[0m","timestamp":"2026-06-03T07:26:42.313Z"}
{"level":"error","message":"Background Postpaid Error (0cd4a7b4-fa86-4049-983f-7dfcdae791e5): SKU tidak di temukan atau Non-Aktif","stack":"AxiosError: Request failed with status code 400\n    at settle (file:///home/cavathaeon/OTRVUE/NEOPAY/node_modules/axios/lib/core/settle.js:19:12)\n    at IncomingMessage.handleStreamEnd (file:///home/cavathaeon/OTRVUE/NEOPAY/node_modules/axios/lib/adapters/http.js:1139:13)\n    at IncomingMessage.emit (node:events:520:35)\n    at endReadableNT (node:internal/streams/readable:1701:12)\n    at process.processTicksAndRejections (node:internal/process/task_queues:89:21)\n    at Axios.request (file:///home/cavathaeon/OTRVUE/NEOPAY/node_modules/axios/lib/core/Axios.js:46:41)\n    at process.processTicksAndRejections (node:internal/process/task_queues:103:5)\n    at async Object.processTransaction (file:///home/cavathaeon/OTRVUE/NEOPAY/src/integrations/digiflazz/index.js:54:26)\n    at async file:///home/cavathaeon/OTRVUE/NEOPAY/src/modules/transaction/service.js:475:34","timestamp":"2026-06-03T07:26:42.571Z","vendorResponse":{"data":{"buyer_sku_code":"PDAMKPL","customer_no":"413760800025","message":"SKU tidak di temukan atau Non-Aktif","rc":"43","ref_id":"0cd4a7b4-fa86-4049-983f-7dfcdae791e5","sn":"","status":"Gagal"}}}
{"level":"info","message":"Connected to database successfully (mysql2)","timestamp":"2026-06-03T07:26:51.298Z"}
{"level":"info","message":"Checking web configurations...","timestamp":"2026-06-03T07:26:51.305Z"}
{"level":"info","message":"Web configurations synchronized with environment defaults","timestamp":"2026-06-03T07:26:52.505Z"}
{"level":"info","message":"Database seeding completed successfully","timestamp":"2026-06-03T07:26:52.505Z"}
{"level":"info","message":"Server is running on port 3000","timestamp":"2026-06-03T07:26:52.508Z"}
{"level":"info","message":"[Scheduler] Deposit expiry scheduler started (interval: 600s)","timestamp":"2026-06-03T07:26:52.508Z"}
{"level":"info","message":"Connected to database successfully (mysql2)","timestamp":"2026-06-03T07:27:02.478Z"}
{"level":"info","message":"Checking web configurations...","timestamp":"2026-06-03T07:27:02.485Z"}
{"level":"info","message":"Web configurations synchronized with environment defaults","timestamp":"2026-06-03T07:27:03.712Z"}
{"level":"info","message":"Database seeding completed successfully","timestamp":"2026-06-03T07:27:03.713Z"}
{"level":"info","message":"Server is running on port 3000","timestamp":"2026-06-03T07:27:03.715Z"}
{"level":"info","message":"[Scheduler] Deposit expiry scheduler started (interval: 600s)","timestamp":"2026-06-03T07:27:03.715Z"}
{"level":"info","message":"Background Postpaid Started (dbdd80da-7808-417a-a2f9-2381e5af6ba1)","timestamp":"2026-06-03T07:30:41.199Z"}
{"level":"info","message":"\u001b[0mPOST /api/trx/postpaid/pay \u001b[32m200\u001b[0m 179.625 ms - 441\u001b[0m","timestamp":"2026-06-03T07:30:41.207Z"}
{"level":"error","message":"Background Postpaid Error (dbdd80da-7808-417a-a2f9-2381e5af6ba1): SKU tidak di temukan atau Non-Aktif","stack":"AxiosError: Request failed with status code 400\n    at settle (file:///home/cavathaeon/OTRVUE/NEOPAY/node_modules/axios/lib/core/settle.js:19:12)\n    at IncomingMessage.handleStreamEnd (file:///home/cavathaeon/OTRVUE/NEOPAY/node_modules/axios/lib/adapters/http.js:1139:13)\n    at IncomingMessage.emit (node:events:520:35)\n    at endReadableNT (node:internal/streams/readable:1701:12)\n    at process.processTicksAndRejections (node:internal/process/task_queues:89:21)\n    at Axios.request (file:///home/cavathaeon/OTRVUE/NEOPAY/node_modules/axios/lib/core/Axios.js:46:41)\n    at process.processTicksAndRejections (node:internal/process/task_queues:103:5)\n    at async Object.processTransaction (file:///home/cavathaeon/OTRVUE/NEOPAY/src/integrations/digiflazz/index.js:54:26)\n    at async file:///home/cavathaeon/OTRVUE/NEOPAY/src/modules/transaction/service.js:475:34","timestamp":"2026-06-03T07:30:45.934Z","vendorResponse":{"data":{"buyer_sku_code":"PDAMKPL","customer_no":"413760800025","message":"SKU tidak di temukan atau Non-Aktif","rc":"43","ref_id":"dbdd80da-7808-417a-a2f9-2381e5af6ba1","sn":"","status":"Gagal"}}}
{"level":"info","message":"Connected to database successfully (mysql2)","timestamp":"2026-06-03T07:34:19.200Z"}
{"level":"info","message":"Checking web configurations...","timestamp":"2026-06-03T07:34:19.208Z"}
{"level":"info","message":"Web configurations synchronized with environment defaults","timestamp":"2026-06-03T07:34:20.049Z"}
{"level":"info","message":"Database seeding completed successfully","timestamp":"2026-06-03T07:34:20.052Z"}
{"level":"info","message":"Server is running on port 3000","timestamp":"2026-06-03T07:34:20.061Z"}
{"level":"info","message":"[Scheduler] Deposit expiry scheduler started (interval: 600s)","timestamp":"2026-06-03T07:34:20.061Z"}
{"level":"info","message":"Connected to database successfully (mysql2)","timestamp":"2026-06-03T07:36:28.096Z"}
{"level":"info","message":"Checking web configurations...","timestamp":"2026-06-03T07:36:28.107Z"}
{"level":"info","message":"Web configurations synchronized with environment defaults","timestamp":"2026-06-03T07:36:28.578Z"}
{"level":"info","message":"Database seeding completed successfully","timestamp":"2026-06-03T07:36:28.579Z"}
{"level":"info","message":"Server is running on port 3000","timestamp":"2026-06-03T07:36:28.581Z"}
{"level":"info","message":"[Scheduler] Deposit expiry scheduler started (interval: 600s)","timestamp":"2026-06-03T07:36:28.582Z"}
{"level":"info","message":"Background Postpaid Started (509d2dfe-1ca5-467b-8c46-1ebdbbf79d99)","timestamp":"2026-06-03T07:37:49.359Z"}
{"level":"info","message":"\u001b[0mPOST /api/trx/postpaid/pay \u001b[32m200\u001b[0m 151.002 ms - 441\u001b[0m","timestamp":"2026-06-03T07:37:49.365Z"}
{"level":"info","message":"Background Postpaid Success (509d2dfe-1ca5-467b-8c46-1ebdbbf79d99)","timestamp":"2026-06-03T07:37:49.871Z"}
{"level":"info","message":"Connected to database successfully (mysql2)","timestamp":"2026-06-03T07:40:07.979Z"}
{"level":"info","message":"Checking web configurations...","timestamp":"2026-06-03T07:40:07.987Z"}
{"level":"info","message":"Web configurations synchronized with environment defaults","timestamp":"2026-06-03T07:40:09.085Z"}
{"level":"info","message":"Database seeding completed successfully","timestamp":"2026-06-03T07:40:09.086Z"}
{"level":"info","message":"Server is running on port 3000","timestamp":"2026-06-03T07:40:09.089Z"}
{"level":"info","message":"[Scheduler] Deposit expiry scheduler started (interval: 600s)","timestamp":"2026-06-03T07:40:09.090Z"}
{"level":"warn","message":"400 - Data tagihan kedaluwarsa atau tidak ditemukan. Silakan lakukan Inquiry (Cek Tagihan) terlebih dahulu. - /api/trx/postpaid/pay - POST - ::1","timestamp":"2026-06-03T07:40:49.551Z"}
{"level":"info","message":"\u001b[0mPOST /api/trx/postpaid/pay \u001b[33m400\u001b[0m 17.183 ms - 172\u001b[0m","timestamp":"2026-06-03T07:40:49.556Z"}
{"level":"info","message":"\u001b[0mPOST /api/trx/postpaid/inquiry \u001b[32m200\u001b[0m 1150.466 ms - 464\u001b[0m","timestamp":"2026-06-03T07:41:07.659Z"}
{"level":"info","message":"Background Postpaid Started (cc4ac959-6c7b-4904-9e31-fa5dd129e2b3)","timestamp":"2026-06-03T07:41:46.160Z"}
{"level":"info","message":"\u001b[0mPOST /api/trx/postpaid/pay \u001b[32m200\u001b[0m 158.785 ms - 441\u001b[0m","timestamp":"2026-06-03T07:41:46.163Z"}
{"level":"info","message":"Background Postpaid Success (cc4ac959-6c7b-4904-9e31-fa5dd129e2b3)","timestamp":"2026-06-03T07:41:46.615Z"}
{"level":"info","message":"Connected to database successfully (mysql2)","timestamp":"2026-06-03T07:44:32.713Z"}
{"level":"info","message":"Checking web configurations...","timestamp":"2026-06-03T07:44:32.720Z"}
{"level":"info","message":"Web configurations synchronized with environment defaults","timestamp":"2026-06-03T07:44:34.095Z"}
{"level":"info","message":"Database seeding completed successfully","timestamp":"2026-06-03T07:44:34.096Z"}
{"level":"info","message":"Server is running on port 3000","timestamp":"2026-06-03T07:44:34.099Z"}
{"level":"info","message":"[Scheduler] Deposit expiry scheduler started (interval: 600s)","timestamp":"2026-06-03T07:44:34.099Z"}
{"level":"warn","message":"400 - Saldo tidak cukup - /api/trx/postpaid/pay - POST - ::1","timestamp":"2026-06-03T07:45:29.991Z"}
{"level":"info","message":"\u001b[0mPOST /api/trx/postpaid/pay \u001b[33m400\u001b[0m 23.038 ms - 94\u001b[0m","timestamp":"2026-06-03T07:45:29.998Z"}
{"level":"info","message":"\u001b[0mPOST /api/admin/users/0d595fde-6392-4d0e-97b1-670ec81e2e5a/balance \u001b[32m200\u001b[0m 147.706 ms - 136\u001b[0m","timestamp":"2026-06-03T07:46:21.499Z"}
{"level":"info","message":"Background Postpaid Started (912d79ac-5d5a-4a87-8b99-ca0f6d354109)","timestamp":"2026-06-03T07:46:51.056Z"}
{"level":"info","message":"\u001b[0mPOST /api/trx/postpaid/pay \u001b[32m200\u001b[0m 131.162 ms - 441\u001b[0m","timestamp":"2026-06-03T07:46:51.059Z"}
{"level":"info","message":"Background Postpaid Success (912d79ac-5d5a-4a87-8b99-ca0f6d354109)","timestamp":"2026-06-03T07:46:51.741Z"}
