{"level":"info","message":"Connected to database successfully (mysql2)","timestamp":"2026-05-31T04:02:47.337Z"}
{"level":"info","message":"Checking web configurations...","timestamp":"2026-05-31T04:02:47.484Z"}
{"level":"info","message":"Web configurations synchronized with environment defaults","timestamp":"2026-05-31T04:02:47.838Z"}
{"level":"info","message":"Database seeding completed successfully","timestamp":"2026-05-31T04:02:47.839Z"}
{"level":"info","message":"Server is running on port 3000","timestamp":"2026-05-31T04:02:47.842Z"}
{"level":"info","message":"\u001b[0mGET /hero-bg.png \u001b[33m404\u001b[0m 2.731 ms - 210\u001b[0m","timestamp":"2026-05-31T04:03:25.459Z"}
{"level":"info","message":"\u001b[0mGET /api/admin/configs \u001b[33m401\u001b[0m 6.445 ms - 71\u001b[0m","timestamp":"2026-05-31T04:03:29.351Z"}
{"level":"error","message":"401 - Invalid credentials - /api/auth/login - POST - ::1","timestamp":"2026-05-31T04:03:32.900Z"}
{"level":"info","message":"\u001b[0mPOST /api/auth/login \u001b[33m401\u001b[0m 13.206 ms - 95\u001b[0m","timestamp":"2026-05-31T04:03:32.902Z"}
{"level":"error","message":"401 - Invalid credentials - /api/auth/login - POST - ::1","timestamp":"2026-05-31T04:03:36.973Z"}
{"level":"info","message":"\u001b[0mPOST /api/auth/login \u001b[33m401\u001b[0m 131.967 ms - 95\u001b[0m","timestamp":"2026-05-31T04:03:36.974Z"}
{"level":"info","message":"Email sent: <3599a938-6f53-fc3d-3df9-1645c12c02ba@cocogo.store>","timestamp":"2026-05-31T04:04:18.139Z"}
{"level":"info","message":"User registered: itscavamen (7371cccc-da97-49d5-988e-ca0a5ba96b2e)","timestamp":"2026-05-31T04:04:18.139Z"}
{"level":"info","message":"\u001b[0mPOST /api/auth/register \u001b[32m201\u001b[0m 12801.991 ms - 264\u001b[0m","timestamp":"2026-05-31T04:04:18.141Z"}
{"level":"info","message":"Email sent: <d3a04523-44d1-16e6-26a4-b07748850e4d@cocogo.store>","timestamp":"2026-05-31T04:04:51.046Z"}
{"level":"error","message":"403 - Email Anda belum diverifikasi. Kami telah mengirimkan ulang email verifikasi ke alamat email Anda. Silakan cek inbox atau folder spam. - /api/auth/login - POST - ::1","timestamp":"2026-05-31T04:04:51.047Z"}
{"level":"info","message":"\u001b[0mPOST /api/auth/login \u001b[33m403\u001b[0m 8227.510 ms - 209\u001b[0m","timestamp":"2026-05-31T04:04:51.049Z"}
{"level":"info","message":"Connected to database successfully (mysql2)","timestamp":"2026-05-31T04:17:58.967Z"}
{"level":"info","message":"Checking web configurations...","timestamp":"2026-05-31T04:17:58.974Z"}
{"level":"info","message":"Web configurations synchronized with environment defaults","timestamp":"2026-05-31T04:17:59.959Z"}
{"level":"info","message":"Database seeding completed successfully","timestamp":"2026-05-31T04:17:59.960Z"}
{"level":"info","message":"Server is running on port 3000","timestamp":"2026-05-31T04:17:59.963Z"}
{"level":"info","message":"Connected to database successfully (mysql2)","timestamp":"2026-05-31T04:30:24.517Z"}
{"level":"info","message":"Checking web configurations...","timestamp":"2026-05-31T04:30:24.527Z"}
{"level":"info","message":"Web configurations synchronized with environment defaults","timestamp":"2026-05-31T04:30:28.269Z"}
