{"code":"ER_ACCESS_DENIED_ERROR","errno":1045,"level":"error","message":"Failed to start server: Access denied for user 'gnpmimqfci_neopay'@'localhost' (using password: YES)","sqlMessage":"Access denied for user 'gnpmimqfci_neopay'@'localhost' (using password: YES)","sqlState":"28000","stack":"Error: Access denied for user 'gnpmimqfci_neopay'@'localhost' (using password: YES)\n    at Packet.asError (/home/cavathaeon/OTRVUE/NEOPAY/node_modules/mysql2/lib/packets/packet.js:788:17)\n    at ClientHandshake.execute (/home/cavathaeon/OTRVUE/NEOPAY/node_modules/mysql2/lib/commands/command.js:29:26)\n    at PoolConnection.handlePacket (/home/cavathaeon/OTRVUE/NEOPAY/node_modules/mysql2/lib/base/connection.js:552:34)\n    at PacketParser.onPacket (/home/cavathaeon/OTRVUE/NEOPAY/node_modules/mysql2/lib/base/connection.js:102:12)\n    at PacketParser.executeStart (/home/cavathaeon/OTRVUE/NEOPAY/node_modules/mysql2/lib/packet_parser.js:75:16)\n    at Socket.<anonymous> (/home/cavathaeon/OTRVUE/NEOPAY/node_modules/mysql2/lib/base/connection.js:109:25)\n    at Socket.emit (node:events:508:28)\n    at addChunk (node:internal/streams/readable:559:12)\n    at readableAddChunkPushByteMode (node:internal/streams/readable:510:3)\n    at Readable.push (node:internal/streams/readable:390:5)","timestamp":"2026-05-27T19:26:37.569Z"}
{"level":"info","message":"Connected to database successfully (mysql2)","timestamp":"2026-05-28T08:21:58.404Z"}
{"level":"info","message":"Server is running on port 3000","timestamp":"2026-05-28T08:21:58.412Z"}
{"level":"info","message":"User logged in: otrvue (0d595fde-6392-4d0e-97b1-670ec81e2e5a)","timestamp":"2026-05-28T08:22:02.271Z"}
{"level":"info","message":"\u001b[0mPOST /api/auth/login \u001b[32m200\u001b[0m 138.755 ms - 856\u001b[0m","timestamp":"2026-05-28T08:22:02.275Z"}
{"level":"info","message":"\u001b[0mGET /api/admin/dashboard/charts?period=week \u001b[33m403\u001b[0m 5.748 ms - 115\u001b[0m","timestamp":"2026-05-28T08:22:02.966Z"}
{"level":"info","message":"\u001b[0mGET /api/admin/transactions?page=1&limit=10 \u001b[33m403\u001b[0m 5.094 ms - 115\u001b[0m","timestamp":"2026-05-28T08:22:02.968Z"}
{"level":"info","message":"\u001b[0mGET /api/admin/dashboard/stats \u001b[33m403\u001b[0m 9.461 ms - 115\u001b[0m","timestamp":"2026-05-28T08:22:02.973Z"}
{"level":"info","message":"\u001b[0mPOST /api/admin/balances/vendors/sync \u001b[33m403\u001b[0m 1.636 ms - 115\u001b[0m","timestamp":"2026-05-28T08:22:02.991Z"}
{"level":"info","message":"\u001b[0mGET /api/admin/balances/vendors \u001b[33m403\u001b[0m 3.373 ms - 115\u001b[0m","timestamp":"2026-05-28T08:22:03.015Z"}
{"level":"info","message":"\u001b[0mGET /api/users/profile \u001b[33m403\u001b[0m 1.791 ms - 115\u001b[0m","timestamp":"2026-05-28T08:22:08.481Z"}
{"level":"info","message":"\u001b[0mGET /api/users/telegram/link \u001b[33m403\u001b[0m 1.872 ms - 115\u001b[0m","timestamp":"2026-05-28T08:22:12.066Z"}
{"level":"info","message":"\u001b[0mGET /api/users/profile \u001b[33m403\u001b[0m 1.748 ms - 115\u001b[0m","timestamp":"2026-05-28T08:22:19.766Z"}
{"level":"info","message":"\u001b[0mGET /api/users/telegram/link \u001b[33m403\u001b[0m 2.158 ms - 115\u001b[0m","timestamp":"2026-05-28T08:22:21.609Z"}
{"level":"info","message":"\u001b[0mGET /api/users/telegram/link \u001b[33m403\u001b[0m 1.673 ms - 115\u001b[0m","timestamp":"2026-05-28T08:22:25.205Z"}
{"level":"info","message":"\u001b[0mGET /api/admin/configs \u001b[33m401\u001b[0m 0.267 ms - 74\u001b[0m","timestamp":"2026-05-28T08:22:29.454Z"}
{"level":"info","message":"User logged in: otrvue (0d595fde-6392-4d0e-97b1-670ec81e2e5a)","timestamp":"2026-05-28T08:22:32.393Z"}
{"level":"info","message":"\u001b[0mPOST /api/auth/login \u001b[32m200\u001b[0m 108.583 ms - 856\u001b[0m","timestamp":"2026-05-28T08:22:32.394Z"}
{"level":"info","message":"\u001b[0mGET /api/admin/dashboard/charts?period=week \u001b[33m403\u001b[0m 3.476 ms - 115\u001b[0m","timestamp":"2026-05-28T08:22:32.531Z"}
{"level":"info","message":"\u001b[0mGET /api/admin/transactions?page=1&limit=10 \u001b[33m403\u001b[0m 2.487 ms - 115\u001b[0m","timestamp":"2026-05-28T08:22:32.533Z"}
{"level":"info","message":"\u001b[0mGET /api/admin/dashboard/stats \u001b[33m403\u001b[0m 4.567 ms - 115\u001b[0m","timestamp":"2026-05-28T08:22:32.545Z"}
{"level":"info","message":"\u001b[0mPOST /api/admin/balances/vendors/sync \u001b[33m403\u001b[0m 1.506 ms - 115\u001b[0m","timestamp":"2026-05-28T08:22:32.559Z"}
{"level":"info","message":"\u001b[0mGET /api/admin/balances/vendors \u001b[33m403\u001b[0m 2.106 ms - 115\u001b[0m","timestamp":"2026-05-28T08:22:32.574Z"}
{"level":"info","message":"\u001b[0mGET /api/users/profile \u001b[33m403\u001b[0m 1.325 ms - 115\u001b[0m","timestamp":"2026-05-28T08:22:36.095Z"}
{"level":"info","message":"\u001b[0mGET /api/users/profile \u001b[33m403\u001b[0m 1.231 ms - 115\u001b[0m","timestamp":"2026-05-28T08:22:54.021Z"}
{"level":"info","message":"\u001b[0mGET /api/admin/users/stats \u001b[33m403\u001b[0m 1.681 ms - 115\u001b[0m","timestamp":"2026-05-28T08:23:03.611Z"}
{"level":"info","message":"\u001b[0mGET /api/admin/users?page=1&limit=20 \u001b[33m403\u001b[0m 1.786 ms - 115\u001b[0m","timestamp":"2026-05-28T08:23:03.612Z"}
{"level":"info","message":"\u001b[0mPOST /api/admin/configs/email/test \u001b[33m400\u001b[0m 3.883 ms - 60\u001b[0m","timestamp":"2026-05-28T08:29:02.293Z"}
{"level":"info","message":"\u001b[0mPATCH /api/admin/configs \u001b[32m200\u001b[0m 1845.823 ms - 60\u001b[0m","timestamp":"2026-05-28T08:29:12.949Z"}
{"code":"EENVELOPE","command":"RCPT TO","level":"error","message":"Error sending email: Can't send mail - all recipients were rejected: 553 5.7.1 <noreply@goberin.store>: Sender address rejected: not owned by user support@goberin.store","rejected":["otrvue@gmail.com"],"rejectedErrors":[{"code":"EENVELOPE","command":"RCPT TO","recipient":"otrvue@gmail.com","response":"553 5.7.1 <noreply@goberin.store>: Sender address rejected: not owned by user support@goberin.store","responseCode":553}],"response":"553 5.7.1 <noreply@goberin.store>: Sender address rejected: not owned by user support@goberin.store","responseCode":553,"stack":"Error: Can't send mail - all recipients were rejected: 553 5.7.1 <noreply@goberin.store>: Sender address rejected: not owned by user support@goberin.store\n    at SMTPConnection._formatError (/home/cavathaeon/OTRVUE/NEOPAY/node_modules/nodemailer/lib/smtp-connection/index.js:905:19)\n    at SMTPConnection._actionRCPT (/home/cavathaeon/OTRVUE/NEOPAY/node_modules/nodemailer/lib/smtp-connection/index.js:1804:28)\n    at SMTPConnection.<anonymous> (/home/cavathaeon/OTRVUE/NEOPAY/node_modules/nodemailer/lib/smtp-connection/index.js:1768:22)\n    at SMTPConnection._processResponse (/home/cavathaeon/OTRVUE/NEOPAY/node_modules/nodemailer/lib/smtp-connection/index.js:1099:20)\n    at SMTPConnection._onData (/home/cavathaeon/OTRVUE/NEOPAY/node_modules/nodemailer/lib/smtp-connection/index.js:865:14)\n    at SMTPConnection._onSocketData (/home/cavathaeon/OTRVUE/NEOPAY/node_modules/nodemailer/lib/smtp-connection/index.js:224:44)\n    at TLSSocket.emit (node:events:508:28)\n    at addChunk (node:internal/streams/readable:559:12)\n    at readableAddChunkPushByteMode (node:internal/streams/readable:510:3)\n    at Readable.push (node:internal/streams/readable:390:5)","timestamp":"2026-05-28T08:29:29.310Z"}
{"level":"info","message":"\u001b[0mPOST /api/admin/configs/email/test \u001b[33m400\u001b[0m 7852.351 ms - 199\u001b[0m","timestamp":"2026-05-28T08:29:29.311Z"}
{"level":"info","message":"\u001b[0mPATCH /api/admin/configs \u001b[32m200\u001b[0m 2705.056 ms - 60\u001b[0m","timestamp":"2026-05-28T08:31:54.952Z"}
{"level":"info","message":"Email sent: <06874567-890b-8315-1995-5c2e5b309368@cocogo.store>","timestamp":"2026-05-28T08:32:08.041Z"}
{"level":"info","message":"\u001b[0mPOST /api/admin/configs/email/test \u001b[32m200\u001b[0m 10334.483 ms - 111\u001b[0m","timestamp":"2026-05-28T08:32:08.042Z"}
{"level":"info","message":"Connected to database successfully (mysql2)","timestamp":"2026-05-28T08:33:30.076Z"}
{"level":"info","message":"Server is running on port 3000","timestamp":"2026-05-28T08:33:30.081Z"}
{"level":"info","message":"\u001b[0mGET /api/admin/configs \u001b[33m401\u001b[0m 2.843 ms - 74\u001b[0m","timestamp":"2026-05-28T08:33:47.248Z"}
{"level":"info","message":"User logged in: otrvue (0d595fde-6392-4d0e-97b1-670ec81e2e5a)","timestamp":"2026-05-28T08:33:51.946Z"}
{"level":"info","message":"\u001b[0mPOST /api/auth/login \u001b[32m200\u001b[0m 115.455 ms - 860\u001b[0m","timestamp":"2026-05-28T08:33:51.948Z"}
{"level":"info","message":"OkeConnect Balance Response: IP tidak sesuai @125.163.136.19","timestamp":"2026-05-28T08:33:52.514Z"}
{"level":"error","message":"Sync OkeConnect Balance Error: IP tidak sesuai @125.163.136.19","timestamp":"2026-05-28T08:33:52.514Z"}
{"level":"info","message":"\u001b[0mPOST /api/admin/balances/vendors/sync \u001b[32m200\u001b[0m 5593.500 ms - 478\u001b[0m","timestamp":"2026-05-28T08:33:57.778Z"}
{"level":"info","message":"Connected to database successfully (mysql2)","timestamp":"2026-05-28T08:34:51.863Z"}
{"level":"info","message":"Server is running on port 3000","timestamp":"2026-05-28T08:34:51.867Z"}
{"level":"info","message":"Connected to database successfully (mysql2)","timestamp":"2026-05-28T08:35:04.852Z"}
{"level":"info","message":"Server is running on port 3000","timestamp":"2026-05-28T08:35:04.857Z"}
{"level":"info","message":"Connected to database successfully (mysql2)","timestamp":"2026-05-28T08:35:18.183Z"}
{"level":"info","message":"Server is running on port 3000","timestamp":"2026-05-28T08:35:18.189Z"}
{"level":"info","message":"Connected to database successfully (mysql2)","timestamp":"2026-05-28T08:35:29.323Z"}
{"level":"info","message":"Server is running on port 3000","timestamp":"2026-05-28T08:35:29.327Z"}
{"level":"info","message":"Connected to database successfully (mysql2)","timestamp":"2026-05-28T08:35:43.027Z"}
{"level":"info","message":"Server is running on port 3000","timestamp":"2026-05-28T08:35:43.034Z"}
{"level":"info","message":"\u001b[0mGET /api/users/profile \u001b[33m401\u001b[0m 10.635 ms - 71\u001b[0m","timestamp":"2026-05-28T08:37:10.224Z"}
{"level":"info","message":"User logged in: otrvue (0d595fde-6392-4d0e-97b1-670ec81e2e5a)","timestamp":"2026-05-28T08:37:28.391Z"}
{"level":"info","message":"\u001b[0mPOST /api/auth/login \u001b[32m200\u001b[0m 113.213 ms - 860\u001b[0m","timestamp":"2026-05-28T08:37:28.395Z"}
{"level":"info","message":"Connected to database successfully (mysql2)","timestamp":"2026-05-28T08:39:02.658Z"}
{"level":"info","message":"Server is running on port 3000","timestamp":"2026-05-28T08:39:02.669Z"}
{"level":"info","message":"Database pool closed","timestamp":"2026-05-28T08:39:43.312Z"}
{"level":"info","message":"Connected to database successfully (mysql2)","timestamp":"2026-05-28T08:39:49.595Z"}
{"level":"info","message":"Server is running on port 3000","timestamp":"2026-05-28T08:39:49.599Z"}
{"level":"info","message":"Connected to database successfully (mysql2)","timestamp":"2026-05-28T08:40:50.987Z"}
{"level":"info","message":"Server is running on port 3000","timestamp":"2026-05-28T08:40:50.994Z"}
{"level":"info","message":"OkeConnect Balance Response: IP tidak sesuai @125.163.136.19","timestamp":"2026-05-28T08:51:37.362Z"}
{"level":"error","message":"Sync OkeConnect Balance Error: IP tidak sesuai @125.163.136.19","timestamp":"2026-05-28T08:51:37.366Z"}
{"level":"info","message":"\u001b[0mPOST /api/admin/balances/vendors/sync \u001b[32m200\u001b[0m 1213.634 ms - 478\u001b[0m","timestamp":"2026-05-28T08:51:37.534Z"}
{"level":"info","message":"OkeConnect Balance Response: IP tidak sesuai @125.163.136.19","timestamp":"2026-05-28T08:51:54.223Z"}
{"level":"error","message":"Sync OkeConnect Balance Error: IP tidak sesuai @125.163.136.19","timestamp":"2026-05-28T08:51:54.224Z"}
{"level":"info","message":"\u001b[0mPOST /api/admin/balances/vendors/sync \u001b[32m200\u001b[0m 401.900 ms - 478\u001b[0m","timestamp":"2026-05-28T08:51:54.360Z"}
{"level":"info","message":"OkeConnect Balance Response: IP tidak sesuai @125.163.136.19","timestamp":"2026-05-28T08:51:54.420Z"}
{"level":"error","message":"Sync OkeConnect Balance Error: IP tidak sesuai @125.163.136.19","timestamp":"2026-05-28T08:51:54.421Z"}
{"level":"info","message":"\u001b[0mPOST /api/admin/balances/vendors/sync \u001b[32m200\u001b[0m 320.287 ms - 478\u001b[0m","timestamp":"2026-05-28T08:51:54.451Z"}
{"level":"info","message":"OkeConnect Balance Response: IP tidak sesuai @125.163.136.19","timestamp":"2026-05-28T08:53:00.964Z"}
{"level":"error","message":"Sync OkeConnect Balance Error: IP tidak sesuai @125.163.136.19","timestamp":"2026-05-28T08:53:00.965Z"}
{"level":"info","message":"\u001b[0mPOST /api/admin/balances/vendors/sync \u001b[32m200\u001b[0m 556.533 ms - 478\u001b[0m","timestamp":"2026-05-28T08:53:01.216Z"}
{"level":"info","message":"Email sent: <90d330ce-59f4-f4ac-ef2d-8fc86bed76ba@cocogo.store>","timestamp":"2026-05-28T08:54:38.968Z"}
{"level":"info","message":"\u001b[0mPOST /api/auth/resend-verification \u001b[32m200\u001b[0m 8939.069 ms - 93\u001b[0m","timestamp":"2026-05-28T08:54:38.969Z"}
{"level":"info","message":"Connected to database successfully (mysql2)","timestamp":"2026-05-28T08:56:42.369Z"}
{"level":"info","message":"Server is running on port 3000","timestamp":"2026-05-28T08:56:42.375Z"}
{"level":"info","message":"OkeConnect Balance Response: IP tidak sesuai @125.163.136.19","timestamp":"2026-05-28T09:07:01.871Z"}
{"level":"error","message":"Sync OkeConnect Balance Error: IP tidak sesuai @125.163.136.19","timestamp":"2026-05-28T09:07:01.872Z"}
{"level":"info","message":"\u001b[0mPOST /api/admin/balances/vendors/sync \u001b[32m200\u001b[0m 1018.354 ms - 478\u001b[0m","timestamp":"2026-05-28T09:07:02.448Z"}
{"level":"info","message":"OkeConnect Balance Response: IP tidak sesuai @125.163.136.19","timestamp":"2026-05-28T09:07:17.734Z"}
{"level":"error","message":"Sync OkeConnect Balance Error: IP tidak sesuai @125.163.136.19","timestamp":"2026-05-28T09:07:17.735Z"}
{"level":"info","message":"\u001b[0mPOST /api/admin/balances/vendors/sync \u001b[32m200\u001b[0m 533.484 ms - 478\u001b[0m","timestamp":"2026-05-28T09:07:18.071Z"}
{"level":"info","message":"OkeConnect Balance Response: IP tidak sesuai @125.163.136.19","timestamp":"2026-05-28T09:11:05.772Z"}
{"level":"error","message":"Sync OkeConnect Balance Error: IP tidak sesuai @125.163.136.19","timestamp":"2026-05-28T09:11:05.773Z"}
{"level":"info","message":"\u001b[0mPOST /api/admin/balances/vendors/sync \u001b[32m200\u001b[0m 489.678 ms - 478\u001b[0m","timestamp":"2026-05-28T09:11:06.044Z"}
{"level":"info","message":"\u001b[0mPATCH /api/admin/configs \u001b[32m200\u001b[0m 3073.710 ms - 60\u001b[0m","timestamp":"2026-05-28T09:14:02.255Z"}
{"level":"info","message":"Email sent: <502b4b5c-0907-9e25-1f1b-d1e4f45234dd@cocogo.store>","timestamp":"2026-05-28T09:14:23.813Z"}
{"level":"info","message":"\u001b[0mPOST /api/auth/resend-verification \u001b[32m200\u001b[0m 8401.648 ms - 93\u001b[0m","timestamp":"2026-05-28T09:14:23.815Z"}
{"level":"info","message":"\u001b[0mPATCH /api/admin/configs \u001b[32m200\u001b[0m 2537.117 ms - 60\u001b[0m","timestamp":"2026-05-28T09:16:49.482Z"}
{"level":"info","message":"Email sent: <b7d28bb3-7716-5dd0-d804-58477776e48e@cocogo.store>","timestamp":"2026-05-28T09:17:02.426Z"}
{"level":"info","message":"\u001b[0mPOST /api/auth/resend-verification \u001b[32m200\u001b[0m 9627.652 ms - 93\u001b[0m","timestamp":"2026-05-28T09:17:02.426Z"}
{"level":"info","message":"Connected to database successfully (mysql2)","timestamp":"2026-05-28T09:17:37.613Z"}
{"level":"info","message":"Server is running on port 3000","timestamp":"2026-05-28T09:17:37.620Z"}
{"level":"info","message":"Email sent: <18bd7265-14d3-5a86-19a6-35bbc12486d5@cocogo.store>","timestamp":"2026-05-28T09:18:19.894Z"}
{"level":"info","message":"\u001b[0mPOST /api/auth/resend-verification \u001b[32m200\u001b[0m 8485.481 ms - 93\u001b[0m","timestamp":"2026-05-28T09:18:19.897Z"}
{"level":"info","message":"Connected to database successfully (mysql2)","timestamp":"2026-05-28T09:19:03.064Z"}
{"level":"info","message":"Server is running on port 3000","timestamp":"2026-05-28T09:19:03.068Z"}
{"level":"info","message":"Connected to database successfully (mysql2)","timestamp":"2026-05-28T09:19:14.335Z"}
{"level":"info","message":"Server is running on port 3000","timestamp":"2026-05-28T09:19:14.340Z"}
{"level":"info","message":"\u001b[0mPATCH /api/admin/configs \u001b[32m200\u001b[0m 2236.681 ms - 60\u001b[0m","timestamp":"2026-05-28T09:20:33.952Z"}
{"level":"info","message":"\u001b[0mGET /api/admin/configs \u001b[33m401\u001b[0m 0.990 ms - 74\u001b[0m","timestamp":"2026-05-28T09:20:51.874Z"}
{"level":"error","message":"401 - Invalid credentials - /api/auth/login - POST - ::1","timestamp":"2026-05-28T09:21:01.653Z"}
{"level":"info","message":"\u001b[0mPOST /api/auth/login \u001b[33m401\u001b[0m 129.494 ms - 95\u001b[0m","timestamp":"2026-05-28T09:21:01.654Z"}
{"level":"error","message":"400 - Email already registered - /api/auth/register - POST - ::1","timestamp":"2026-05-28T09:21:23.543Z"}
{"level":"info","message":"\u001b[0mPOST /api/auth/register \u001b[33m400\u001b[0m 3.918 ms - 93\u001b[0m","timestamp":"2026-05-28T09:21:23.544Z"}
{"level":"info","message":"User logged in: cavamen (aaa41e1b-2cb5-4efc-9788-ce0e3b3cfaec)","timestamp":"2026-05-28T09:21:34.316Z"}
{"level":"info","message":"\u001b[0mPOST /api/auth/login \u001b[32m200\u001b[0m 100.543 ms - 857\u001b[0m","timestamp":"2026-05-28T09:21:34.317Z"}
{"level":"info","message":"\u001b[0mGET /api/trx/history?page=1&limit=10 \u001b[33m403\u001b[0m 5.673 ms - 115\u001b[0m","timestamp":"2026-05-28T09:21:34.483Z"}
{"level":"info","message":"\u001b[0mGET /api/users/profile \u001b[33m403\u001b[0m 3.021 ms - 115\u001b[0m","timestamp":"2026-05-28T09:21:34.488Z"}
{"level":"info","message":"\u001b[0mPOST /api/auth/resend-verification \u001b[33m403\u001b[0m 2.024 ms - 115\u001b[0m","timestamp":"2026-05-28T09:21:38.707Z"}
{"level":"info","message":"\u001b[0mPOST /api/auth/resend-verification \u001b[33m403\u001b[0m 1.637 ms - 115\u001b[0m","timestamp":"2026-05-28T09:21:46.689Z"}
{"level":"info","message":"Connected to database successfully (mysql2)","timestamp":"2026-05-28T09:23:10.552Z"}
{"level":"info","message":"Server is running on port 3000","timestamp":"2026-05-28T09:23:10.557Z"}
{"level":"info","message":"Connected to database successfully (mysql2)","timestamp":"2026-05-28T09:23:29.263Z"}
{"level":"info","message":"Server is running on port 3000","timestamp":"2026-05-28T09:23:29.267Z"}
{"level":"info","message":"Connected to database successfully (mysql2)","timestamp":"2026-05-28T09:23:38.211Z"}
{"level":"info","message":"Server is running on port 3000","timestamp":"2026-05-28T09:23:38.216Z"}
{"level":"info","message":"Connected to database successfully (mysql2)","timestamp":"2026-05-28T09:23:48.770Z"}
{"level":"info","message":"Server is running on port 3000","timestamp":"2026-05-28T09:23:48.775Z"}
{"level":"info","message":"Connected to database successfully (mysql2)","timestamp":"2026-05-28T09:23:59.097Z"}
{"level":"info","message":"Server is running on port 3000","timestamp":"2026-05-28T09:23:59.104Z"}
{"level":"info","message":"Connected to database successfully (mysql2)","timestamp":"2026-05-28T09:24:11.846Z"}
{"level":"info","message":"Server is running on port 3000","timestamp":"2026-05-28T09:24:11.853Z"}
{"level":"info","message":"Connected to database successfully (mysql2)","timestamp":"2026-05-28T09:24:20.911Z"}
{"level":"info","message":"Server is running on port 3000","timestamp":"2026-05-28T09:24:20.915Z"}
{"level":"info","message":"Email sent: <ab7f25b1-d7e0-5133-2c57-da64450684b1@cocogo.store>","timestamp":"2026-05-28T09:25:50.803Z"}
{"level":"info","message":"\u001b[0mPOST /api/auth/resend-verification \u001b[32m200\u001b[0m 9129.169 ms - 93\u001b[0m","timestamp":"2026-05-28T09:25:50.808Z"}
{"level":"info","message":"\u001b[0mGET /api/admin/configs \u001b[33m401\u001b[0m 1.115 ms - 74\u001b[0m","timestamp":"2026-05-28T09:25:53.696Z"}
{"level":"info","message":"Email sent: <7a3c40d8-c85b-0641-e984-67d4fe8680dd@cocogo.store>","timestamp":"2026-05-28T09:27:00.965Z"}
{"level":"info","message":"User registered: danizevaro (ca5c7871-a19e-4307-8da9-e2cbf9063d74)","timestamp":"2026-05-28T09:27:00.966Z"}
{"level":"info","message":"\u001b[0mPOST /api/auth/register \u001b[32m201\u001b[0m 10145.601 ms - 264\u001b[0m","timestamp":"2026-05-28T09:27:00.968Z"}
{"level":"info","message":"User logged in: otrvue (0d595fde-6392-4d0e-97b1-670ec81e2e5a)","timestamp":"2026-05-28T09:27:59.597Z"}
{"level":"info","message":"\u001b[0mPOST /api/auth/login \u001b[32m200\u001b[0m 107.680 ms - 922\u001b[0m","timestamp":"2026-05-28T09:27:59.599Z"}
{"level":"info","message":"OkeConnect Balance Response: IP tidak sesuai @125.163.136.19","timestamp":"2026-05-28T09:28:00.254Z"}
{"level":"error","message":"Sync OkeConnect Balance Error: IP tidak sesuai @125.163.136.19","timestamp":"2026-05-28T09:28:00.255Z"}
{"level":"info","message":"\u001b[0mPOST /api/admin/balances/vendors/sync \u001b[32m200\u001b[0m 733.597 ms - 478\u001b[0m","timestamp":"2026-05-28T09:28:00.579Z"}
{"level":"info","message":"\u001b[0mPATCH /api/admin/configs \u001b[32m200\u001b[0m 2206.487 ms - 60\u001b[0m","timestamp":"2026-05-28T10:54:39.057Z"}
{"level":"info","message":"Email sent: <20408348-73b4-efc3-83cd-d285105e5f55@cocogo.store>","timestamp":"2026-05-28T10:54:53.459Z"}
{"level":"info","message":"\u001b[0mPOST /api/auth/resend-verification \u001b[32m200\u001b[0m 8412.909 ms - 93\u001b[0m","timestamp":"2026-05-28T10:54:53.460Z"}
{"level":"info","message":"\u001b[0mPATCH /api/admin/configs \u001b[32m200\u001b[0m 2760.484 ms - 60\u001b[0m","timestamp":"2026-05-28T10:57:13.015Z"}
{"level":"info","message":"\u001b[0mPATCH /api/admin/configs \u001b[32m200\u001b[0m 2218.539 ms - 60\u001b[0m","timestamp":"2026-05-28T10:59:19.103Z"}
{"level":"info","message":"Email sent: <2d9547ef-33ff-f1bd-8985-bc32f67a992f@cocogo.store>","timestamp":"2026-05-28T10:59:36.745Z"}
{"level":"info","message":"\u001b[0mPOST /api/auth/resend-verification \u001b[32m200\u001b[0m 8289.652 ms - 93\u001b[0m","timestamp":"2026-05-28T10:59:36.746Z"}
{"level":"info","message":"User email verified: otrvue (0d595fde-6392-4d0e-97b1-670ec81e2e5a)","timestamp":"2026-05-28T11:00:57.410Z"}
{"level":"info","message":"OkeConnect Balance Response: IP tidak sesuai @125.163.136.19","timestamp":"2026-05-28T11:01:01.715Z"}
{"level":"error","message":"Sync OkeConnect Balance Error: IP tidak sesuai @125.163.136.19","timestamp":"2026-05-28T11:01:01.715Z"}
{"level":"info","message":"OkeConnect Balance Response: IP tidak sesuai @125.163.136.19","timestamp":"2026-05-28T11:01:02.619Z"}
{"level":"error","message":"Sync OkeConnect Balance Error: IP tidak sesuai @125.163.136.19","timestamp":"2026-05-28T11:01:02.619Z"}
{"level":"info","message":"\u001b[0mPOST /api/admin/balances/vendors/sync \u001b[32m200\u001b[0m 310.485 ms - 478\u001b[0m","timestamp":"2026-05-28T11:01:02.830Z"}
{"level":"info","message":"\u001b[0mPOST /api/admin/balances/vendors/sync \u001b[32m200\u001b[0m 3464.557 ms - 478\u001b[0m","timestamp":"2026-05-28T11:01:04.917Z"}
{"level":"info","message":"OkeConnect Balance Response: IP tidak sesuai @125.163.136.19","timestamp":"2026-05-28T11:01:07.403Z"}
{"level":"error","message":"Sync OkeConnect Balance Error: IP tidak sesuai @125.163.136.19","timestamp":"2026-05-28T11:01:07.404Z"}
{"level":"info","message":"\u001b[0mPOST /api/admin/balances/vendors/sync \u001b[32m200\u001b[0m 587.435 ms - 478\u001b[0m","timestamp":"2026-05-28T11:01:07.747Z"}
{"level":"info","message":"\u001b[0mPOST /api/auth/resend-verification \u001b[33m400\u001b[0m 2.360 ms - 55\u001b[0m","timestamp":"2026-05-28T11:01:24.159Z"}
{"level":"info","message":"OkeConnect Balance Response: IP tidak sesuai @125.163.136.19","timestamp":"2026-05-28T11:01:35.121Z"}
{"level":"error","message":"Sync OkeConnect Balance Error: IP tidak sesuai @125.163.136.19","timestamp":"2026-05-28T11:01:35.121Z"}
{"level":"info","message":"\u001b[0mPOST /api/admin/balances/vendors/sync \u001b[32m200\u001b[0m 803.993 ms - 478\u001b[0m","timestamp":"2026-05-28T11:01:35.724Z"}
{"level":"info","message":"\u001b[0mPOST /api/auth/resend-verification \u001b[33m400\u001b[0m 2.534 ms - 55\u001b[0m","timestamp":"2026-05-28T11:02:36.998Z"}
{"level":"info","message":"OkeConnect Balance Response: IP tidak sesuai @125.163.136.19","timestamp":"2026-05-28T11:05:56.944Z"}
{"level":"error","message":"Sync OkeConnect Balance Error: IP tidak sesuai @125.163.136.19","timestamp":"2026-05-28T11:05:56.947Z"}
{"level":"info","message":"\u001b[0mPOST /api/admin/balances/vendors/sync \u001b[32m200\u001b[0m 389.343 ms - 478\u001b[0m","timestamp":"2026-05-28T11:05:57.116Z"}
{"level":"info","message":"OkeConnect Balance Response: IP tidak sesuai @125.163.136.19","timestamp":"2026-05-28T11:06:07.112Z"}
{"level":"error","message":"Sync OkeConnect Balance Error: IP tidak sesuai @125.163.136.19","timestamp":"2026-05-28T11:06:07.112Z"}
{"level":"info","message":"\u001b[0mPOST /api/admin/balances/vendors/sync \u001b[32m200\u001b[0m 655.620 ms - 478\u001b[0m","timestamp":"2026-05-28T11:06:07.345Z"}
{"level":"info","message":"OkeConnect Balance Response: IP tidak sesuai @125.163.136.19","timestamp":"2026-05-28T11:06:08.231Z"}
{"level":"error","message":"Sync OkeConnect Balance Error: IP tidak sesuai @125.163.136.19","timestamp":"2026-05-28T11:06:08.234Z"}
{"level":"info","message":"\u001b[0mPOST /api/admin/balances/vendors/sync \u001b[32m200\u001b[0m 1912.072 ms - 478\u001b[0m","timestamp":"2026-05-28T11:06:08.923Z"}
{"level":"info","message":"OkeConnect Balance Response: IP tidak sesuai @125.163.136.19","timestamp":"2026-05-28T11:07:19.558Z"}
{"level":"error","message":"Sync OkeConnect Balance Error: IP tidak sesuai @125.163.136.19","timestamp":"2026-05-28T11:07:19.559Z"}
{"level":"info","message":"\u001b[0mPOST /api/admin/balances/vendors/sync \u001b[32m200\u001b[0m 810.679 ms - 478\u001b[0m","timestamp":"2026-05-28T11:07:19.994Z"}
{"level":"info","message":"OkeConnect Balance Response: IP tidak sesuai @125.163.136.19","timestamp":"2026-05-28T11:08:25.033Z"}
{"level":"error","message":"Sync OkeConnect Balance Error: IP tidak sesuai @125.163.136.19","timestamp":"2026-05-28T11:08:25.033Z"}
{"level":"info","message":"\u001b[0mPOST /api/admin/balances/vendors/sync \u001b[32m200\u001b[0m 818.504 ms - 478\u001b[0m","timestamp":"2026-05-28T11:08:25.473Z"}
{"level":"info","message":"OkeConnect Balance Response: IP tidak sesuai @125.163.136.19","timestamp":"2026-05-28T11:09:07.497Z"}
{"level":"error","message":"Sync OkeConnect Balance Error: IP tidak sesuai @125.163.136.19","timestamp":"2026-05-28T11:09:07.498Z"}
{"level":"info","message":"\u001b[0mPOST /api/admin/balances/vendors/sync \u001b[32m200\u001b[0m 856.471 ms - 478\u001b[0m","timestamp":"2026-05-28T11:09:07.908Z"}
{"level":"info","message":"\u001b[0mGET /api/trx/history?page=1&limit=10 \u001b[33m401\u001b[0m 0.429 ms - 74\u001b[0m","timestamp":"2026-05-28T11:09:10.789Z"}
{"level":"info","message":"\u001b[0mGET /api/admin/configs \u001b[33m401\u001b[0m 0.196 ms - 74\u001b[0m","timestamp":"2026-05-28T11:09:11.129Z"}
{"level":"info","message":"User logged in: otrvue (0d595fde-6392-4d0e-97b1-670ec81e2e5a)","timestamp":"2026-05-28T11:09:13.626Z"}
{"level":"info","message":"\u001b[0mPOST /api/auth/login \u001b[32m200\u001b[0m 95.982 ms - 860\u001b[0m","timestamp":"2026-05-28T11:09:13.627Z"}
{"level":"info","message":"OkeConnect Balance Response: IP tidak sesuai @125.163.136.19","timestamp":"2026-05-28T11:09:14.193Z"}
{"level":"error","message":"Sync OkeConnect Balance Error: IP tidak sesuai @125.163.136.19","timestamp":"2026-05-28T11:09:14.193Z"}
{"level":"info","message":"\u001b[0mPOST /api/admin/balances/vendors/sync \u001b[32m200\u001b[0m 2874.968 ms - 478\u001b[0m","timestamp":"2026-05-28T11:09:16.685Z"}
{"level":"info","message":"\u001b[0mGET /api/trx/history?page=1&limit=10 \u001b[33m401\u001b[0m 0.286 ms - 74\u001b[0m","timestamp":"2026-05-28T11:09:18.864Z"}
{"level":"info","message":"\u001b[0mGET /api/admin/configs \u001b[33m401\u001b[0m 0.236 ms - 74\u001b[0m","timestamp":"2026-05-28T11:09:19.242Z"}
{"level":"info","message":"User logged in: danizevaro (ca5c7871-a19e-4307-8da9-e2cbf9063d74)","timestamp":"2026-05-28T11:09:37.161Z"}
{"level":"info","message":"\u001b[0mPOST /api/auth/login \u001b[32m200\u001b[0m 125.081 ms - 928\u001b[0m","timestamp":"2026-05-28T11:09:37.161Z"}
{"level":"info","message":"\u001b[0mGET /api/trx/history?page=1&limit=10 \u001b[33m403\u001b[0m 1.929 ms - 159\u001b[0m","timestamp":"2026-05-28T11:09:37.305Z"}
{"level":"info","message":"\u001b[0mGET /api/admin/configs \u001b[33m403\u001b[0m 1.942 ms - 63\u001b[0m","timestamp":"2026-05-28T11:10:08.343Z"}
{"level":"info","message":"\u001b[0mGET /api/trx/history?page=1&limit=10 \u001b[33m403\u001b[0m 2.996 ms - 159\u001b[0m","timestamp":"2026-05-28T11:10:08.440Z"}
{"level":"info","message":"Email sent: <3c95f4fd-bbe0-7f46-2820-22a37ca5d05e@cocogo.store>","timestamp":"2026-05-28T11:10:28.868Z"}
{"level":"info","message":"\u001b[0mPOST /api/auth/resend-verification \u001b[32m200\u001b[0m 8923.344 ms - 93\u001b[0m","timestamp":"2026-05-28T11:10:28.868Z"}
{"level":"info","message":"\u001b[0mGET /api/admin/configs \u001b[33m403\u001b[0m 1.329 ms - 63\u001b[0m","timestamp":"2026-05-28T11:11:10.348Z"}
{"level":"info","message":"Connected to database successfully (mysql2)","timestamp":"2026-05-28T11:12:40.798Z"}
{"level":"info","message":"Server is running on port 3000","timestamp":"2026-05-28T11:12:40.802Z"}
{"level":"info","message":"Email sent: <2265653f-81a6-755c-be35-a9f1dd2491e3@cocogo.store>","timestamp":"2026-05-28T11:16:10.047Z"}
{"level":"info","message":"\u001b[0mPOST /api/auth/resend-verification \u001b[32m200\u001b[0m 8287.973 ms - 93\u001b[0m","timestamp":"2026-05-28T11:16:10.051Z"}
{"level":"info","message":"\u001b[0mGET /api/admin/configs \u001b[33m403\u001b[0m 3.197 ms - 63\u001b[0m","timestamp":"2026-05-28T11:16:42.683Z"}
{"level":"info","message":"User email verified: danizevaro (ca5c7871-a19e-4307-8da9-e2cbf9063d74)","timestamp":"2026-05-28T11:16:42.956Z"}
{"level":"info","message":"\u001b[0mPOST /api/auth/resend-verification \u001b[33m400\u001b[0m 2.792 ms - 55\u001b[0m","timestamp":"2026-05-28T11:16:49.749Z"}
{"level":"info","message":"\u001b[0mGET /api/admin/configs \u001b[33m403\u001b[0m 1.686 ms - 63\u001b[0m","timestamp":"2026-05-28T11:18:11.043Z"}
{"level":"info","message":"\u001b[0mGET /api/admin/configs \u001b[33m403\u001b[0m 2.409 ms - 63\u001b[0m","timestamp":"2026-05-28T11:19:46.099Z"}
{"level":"info","message":"Connected to database successfully (mysql2)","timestamp":"2026-05-28T11:28:14.620Z"}
{"level":"info","message":"Server is running on port 3000","timestamp":"2026-05-28T11:28:14.624Z"}
{"level":"info","message":"Connected to database successfully (mysql2)","timestamp":"2026-05-28T11:29:22.646Z"}
{"level":"info","message":"Server is running on port 3000","timestamp":"2026-05-28T11:29:22.651Z"}
{"level":"info","message":"Connected to database successfully (mysql2)","timestamp":"2026-05-28T11:29:31.517Z"}
{"level":"info","message":"Server is running on port 3000","timestamp":"2026-05-28T11:29:31.522Z"}
{"level":"info","message":"Connected to database successfully (mysql2)","timestamp":"2026-05-28T11:29:46.511Z"}
{"level":"info","message":"Server is running on port 3000","timestamp":"2026-05-28T11:29:46.515Z"}
{"level":"info","message":"Connected to database successfully (mysql2)","timestamp":"2026-05-28T11:32:59.048Z"}
{"level":"info","message":"Server is running on port 3000","timestamp":"2026-05-28T11:32:59.055Z"}
{"level":"info","message":"\u001b[0mGET /api/admin/configs \u001b[33m403\u001b[0m 2.312 ms - 63\u001b[0m","timestamp":"2026-05-28T11:40:06.077Z"}
{"level":"info","message":"\u001b[0mGET /api/admin/configs \u001b[33m403\u001b[0m 2.077 ms - 63\u001b[0m","timestamp":"2026-05-28T11:41:17.952Z"}
{"level":"info","message":"\u001b[0mGET /api/admin/configs \u001b[33m401\u001b[0m 0.260 ms - 74\u001b[0m","timestamp":"2026-05-28T11:41:54.433Z"}
{"level":"info","message":"Email sent: <327777d4-e48d-c93b-6643-16a5e7d7e426@cocogo.store>","timestamp":"2026-05-28T11:42:06.335Z"}
{"level":"info","message":"\u001b[0mPOST /api/auth/login \u001b[32m200\u001b[0m 9335.736 ms - 384\u001b[0m","timestamp":"2026-05-28T11:42:06.339Z"}
{"level":"info","message":"\u001b[0mPOST /api/auth/login/verify \u001b[32m200\u001b[0m 152.759 ms - 970\u001b[0m","timestamp":"2026-05-28T11:42:32.858Z"}
{"level":"info","message":"OkeConnect Balance Response: IP tidak sesuai @125.163.136.19","timestamp":"2026-05-28T11:42:33.261Z"}
{"level":"error","message":"Sync OkeConnect Balance Error: IP tidak sesuai @125.163.136.19","timestamp":"2026-05-28T11:42:33.262Z"}
{"level":"info","message":"\u001b[0mPOST /api/admin/balances/vendors/sync \u001b[32m200\u001b[0m 319.985 ms - 478\u001b[0m","timestamp":"2026-05-28T11:42:33.399Z"}
{"level":"error","message":"500 - Cannot read properties of undefined (reading 'generateSecret') - /api/auth/2fa/setup - GET - ::1","timestamp":"2026-05-28T12:03:19.455Z"}
{"level":"error","message":"TypeError: Cannot read properties of undefined (reading 'generateSecret')\n    at Object.generateSecret (file:///home/cavathaeon/OTRVUE/NEOPAY/src/services/totp.service.js:7:30)\n    at Object.setup2FA (file:///home/cavathaeon/OTRVUE/NEOPAY/src/modules/auth/service.js:159:36)\n    at process.processTicksAndRejections (node:internal/process/task_queues:103:5)\n    at async setup2FA (file:///home/cavathaeon/OTRVUE/NEOPAY/src/modules/auth/controller.js:99:28)","timestamp":"2026-05-28T12:03:19.456Z"}
{"level":"info","message":"\u001b[0mGET /api/auth/2fa/setup \u001b[31m500\u001b[0m 5.497 ms - 91\u001b[0m","timestamp":"2026-05-28T12:03:19.458Z"}
{"level":"error","message":"500 - Cannot read properties of undefined (reading 'generateSecret') - /api/auth/2fa/setup - GET - ::1","timestamp":"2026-05-28T12:03:29.163Z"}
{"level":"error","message":"TypeError: Cannot read properties of undefined (reading 'generateSecret')\n    at Object.generateSecret (file:///home/cavathaeon/OTRVUE/NEOPAY/src/services/totp.service.js:7:30)\n    at Object.setup2FA (file:///home/cavathaeon/OTRVUE/NEOPAY/src/modules/auth/service.js:159:36)\n    at process.processTicksAndRejections (node:internal/process/task_queues:103:5)\n    at async setup2FA (file:///home/cavathaeon/OTRVUE/NEOPAY/src/modules/auth/controller.js:99:28)","timestamp":"2026-05-28T12:03:29.163Z"}
{"level":"info","message":"\u001b[0mGET /api/auth/2fa/setup \u001b[31m500\u001b[0m 5.091 ms - 91\u001b[0m","timestamp":"2026-05-28T12:03:29.164Z"}
{"level":"info","message":"Database pool closed","timestamp":"2026-05-28T12:03:39.703Z"}
{"level":"info","message":"Connected to database successfully (mysql2)","timestamp":"2026-05-28T12:04:53.369Z"}
{"level":"info","message":"Server is running on port 3000","timestamp":"2026-05-28T12:04:53.373Z"}
{"level":"error","message":"500 - Cannot read properties of undefined (reading 'generateSecret') - /api/auth/2fa/setup - GET - ::1","timestamp":"2026-05-28T12:05:21.726Z"}
{"level":"error","message":"TypeError: Cannot read properties of undefined (reading 'generateSecret')\n    at Object.generateSecret (file:///home/cavathaeon/OTRVUE/NEOPAY/src/services/totp.service.js:7:30)\n    at Object.setup2FA (file:///home/cavathaeon/OTRVUE/NEOPAY/src/modules/auth/service.js:159:36)\n    at process.processTicksAndRejections (node:internal/process/task_queues:103:5)\n    at async setup2FA (file:///home/cavathaeon/OTRVUE/NEOPAY/src/modules/auth/controller.js:99:28)","timestamp":"2026-05-28T12:05:21.727Z"}
{"level":"info","message":"\u001b[0mGET /api/auth/2fa/setup \u001b[31m500\u001b[0m 7.868 ms - 91\u001b[0m","timestamp":"2026-05-28T12:05:21.731Z"}
{"level":"info","message":"Connected to database successfully (mysql2)","timestamp":"2026-05-28T12:05:51.674Z"}
{"level":"info","message":"Server is running on port 3000","timestamp":"2026-05-28T12:05:51.682Z"}
{"level":"info","message":"Connected to database successfully (mysql2)","timestamp":"2026-05-28T12:09:46.396Z"}
{"level":"info","message":"Server is running on port 3000","timestamp":"2026-05-28T12:09:46.401Z"}
{"level":"info","message":"Connected to database successfully (mysql2)","timestamp":"2026-05-28T12:09:56.247Z"}
{"level":"info","message":"Server is running on port 3000","timestamp":"2026-05-28T12:09:56.252Z"}
{"level":"error","message":"500 - Crypto plugin is required. - /api/auth/2fa/setup - GET - ::1","timestamp":"2026-05-28T12:10:44.584Z"}
{"level":"error","message":"CryptoPluginMissingError: Crypto plugin is required.\n    at dr (file:///home/cavathaeon/OTRVUE/NEOPAY/node_modules/@otplib/core/dist/index.js:1:7900)\n    at P.generateSecret (file:///home/cavathaeon/OTRVUE/NEOPAY/node_modules/@otplib/totp/dist/index.js:1:807)\n    at Object.generateSecret (file:///home/cavathaeon/OTRVUE/NEOPAY/src/services/totp.service.js:16:30)\n    at Object.setup2FA (file:///home/cavathaeon/OTRVUE/NEOPAY/src/modules/auth/service.js:159:36)\n    at process.processTicksAndRejections (node:internal/process/task_queues:103:5)\n    at async setup2FA (file:///home/cavathaeon/OTRVUE/NEOPAY/src/modules/auth/controller.js:99:28)","timestamp":"2026-05-28T12:10:44.585Z"}
{"level":"info","message":"\u001b[0mGET /api/auth/2fa/setup \u001b[31m500\u001b[0m 16.028 ms - 91\u001b[0m","timestamp":"2026-05-28T12:10:44.589Z"}
{"level":"info","message":"Connected to database successfully (mysql2)","timestamp":"2026-05-28T12:11:53.204Z"}
{"level":"info","message":"Server is running on port 3000","timestamp":"2026-05-28T12:11:53.214Z"}
{"level":"info","message":"Connected to database successfully (mysql2)","timestamp":"2026-05-28T12:12:06.195Z"}
{"level":"info","message":"Server is running on port 3000","timestamp":"2026-05-28T12:12:06.199Z"}
{"level":"info","message":"Connected to database successfully (mysql2)","timestamp":"2026-05-28T12:13:07.774Z"}
{"level":"info","message":"Server is running on port 3000","timestamp":"2026-05-28T12:13:07.778Z"}
{"level":"info","message":"Connected to database successfully (mysql2)","timestamp":"2026-05-28T12:13:09.816Z"}
{"level":"info","message":"Server is running on port 3000","timestamp":"2026-05-28T12:13:09.820Z"}
{"level":"info","message":"Connected to database successfully (mysql2)","timestamp":"2026-05-28T12:13:12.636Z"}
{"level":"info","message":"Server is running on port 3000","timestamp":"2026-05-28T12:13:12.641Z"}
{"level":"info","message":"Connected to database successfully (mysql2)","timestamp":"2026-05-28T12:13:18.071Z"}
{"level":"info","message":"Server is running on port 3000","timestamp":"2026-05-28T12:13:18.075Z"}
{"level":"info","message":"Connected to database successfully (mysql2)","timestamp":"2026-05-28T12:13:19.664Z"}
{"level":"info","message":"Server is running on port 3000","timestamp":"2026-05-28T12:13:19.669Z"}
{"level":"info","message":"Connected to database successfully (mysql2)","timestamp":"2026-05-28T12:14:19.422Z"}
{"level":"info","message":"Server is running on port 3000","timestamp":"2026-05-28T12:14:19.426Z"}
{"level":"info","message":"Connected to database successfully (mysql2)","timestamp":"2026-05-28T12:15:30.321Z"}
{"level":"info","message":"Server is running on port 3000","timestamp":"2026-05-28T12:15:30.326Z"}
{"level":"info","message":"Connected to database successfully (mysql2)","timestamp":"2026-05-28T12:15:36.563Z"}
{"level":"info","message":"Server is running on port 3000","timestamp":"2026-05-28T12:15:36.567Z"}
{"level":"info","message":"Email sent: <d6cc8e80-d1f8-5cb9-8cea-2cf13f909861@cocogo.store>","timestamp":"2026-05-28T12:23:15.620Z"}
{"level":"info","message":"\u001b[0mPOST /api/auth/2fa/otp/send \u001b[32m200\u001b[0m 8699.618 ms - 65\u001b[0m","timestamp":"2026-05-28T12:23:15.624Z"}
{"level":"info","message":"Email sent: <8fcc15c7-ad2c-2f28-ce07-cc5246bc4b42@cocogo.store>","timestamp":"2026-05-28T12:25:57.540Z"}
{"level":"info","message":"\u001b[0mPOST /api/auth/2fa/otp/send \u001b[32m200\u001b[0m 13569.086 ms - 65\u001b[0m","timestamp":"2026-05-28T12:25:57.542Z"}
{"level":"info","message":"\u001b[0mPOST /api/auth/2fa/enable \u001b[32m200\u001b[0m 288.097 ms - 69\u001b[0m","timestamp":"2026-05-28T12:26:24.150Z"}
{"level":"info","message":"Connected to database successfully (mysql2)","timestamp":"2026-05-28T12:27:11.493Z"}
{"level":"info","message":"Server is running on port 3000","timestamp":"2026-05-28T12:27:11.499Z"}
{"level":"info","message":"Connected to database successfully (mysql2)","timestamp":"2026-05-28T12:27:17.447Z"}
{"level":"info","message":"Server is running on port 3000","timestamp":"2026-05-28T12:27:17.451Z"}
{"level":"info","message":"Connected to database successfully (mysql2)","timestamp":"2026-05-28T12:28:14.767Z"}
{"level":"info","message":"Server is running on port 3000","timestamp":"2026-05-28T12:28:14.772Z"}
{"level":"info","message":"Email sent: <455f8efb-4dc1-e997-e50d-5192d6ae2cc5@cocogo.store>","timestamp":"2026-05-28T12:32:09.809Z"}
{"level":"info","message":"\u001b[0mPOST /api/auth/2fa/otp/send \u001b[32m200\u001b[0m 8449.552 ms - 65\u001b[0m","timestamp":"2026-05-28T12:32:09.813Z"}
{"level":"error","message":"400 - Kode verifikasi tidak valid atau sudah kadaluarsa. Pastikan Anda menggunakan kode Authenticator atau OTP Email terbaru. - /api/auth/2fa/disable - POST - ::1","timestamp":"2026-05-28T12:32:26.089Z"}
{"level":"info","message":"\u001b[0mPOST /api/auth/2fa/disable \u001b[33m400\u001b[0m 10.191 ms - 190\u001b[0m","timestamp":"2026-05-28T12:32:26.091Z"}
{"level":"error","message":"400 - Kode verifikasi tidak valid atau sudah kadaluarsa. Pastikan Anda menggunakan kode Authenticator atau OTP Email terbaru. - /api/auth/2fa/disable - POST - ::1","timestamp":"2026-05-28T12:32:36.515Z"}
{"level":"info","message":"\u001b[0mPOST /api/auth/2fa/disable \u001b[33m400\u001b[0m 5.846 ms - 190\u001b[0m","timestamp":"2026-05-28T12:32:36.517Z"}
{"level":"error","message":"400 - Kode verifikasi tidak valid atau sudah kadaluarsa. Pastikan Anda menggunakan kode Authenticator atau OTP Email terbaru. - /api/auth/2fa/disable - POST - ::1","timestamp":"2026-05-28T12:32:37.933Z"}
{"level":"info","message":"\u001b[0mPOST /api/auth/2fa/disable \u001b[33m400\u001b[0m 6.126 ms - 190\u001b[0m","timestamp":"2026-05-28T12:32:37.935Z"}
{"level":"error","message":"400 - Kode verifikasi tidak valid atau sudah kadaluarsa. Pastikan Anda menggunakan kode Authenticator atau OTP Email terbaru. - /api/auth/2fa/disable - POST - ::1","timestamp":"2026-05-28T12:32:38.735Z"}
{"level":"info","message":"\u001b[0mPOST /api/auth/2fa/disable \u001b[33m400\u001b[0m 7.733 ms - 190\u001b[0m","timestamp":"2026-05-28T12:32:38.736Z"}
{"level":"info","message":"\u001b[0mPOST /api/auth/2fa/disable \u001b[32m200\u001b[0m 237.229 ms - 128\u001b[0m","timestamp":"2026-05-28T12:32:57.659Z"}
{"level":"info","message":"OkeConnect Balance Response: IP tidak sesuai @125.163.136.19","timestamp":"2026-05-28T12:40:17.153Z"}
{"level":"error","message":"Sync OkeConnect Balance Error: IP tidak sesuai @125.163.136.19","timestamp":"2026-05-28T12:40:17.154Z"}
{"level":"info","message":"\u001b[0mPOST /api/admin/balances/vendors/sync \u001b[32m200\u001b[0m 435.981 ms - 478\u001b[0m","timestamp":"2026-05-28T12:40:17.322Z"}
{"level":"info","message":"Database pool closed","timestamp":"2026-05-28T12:45:54.266Z"}
{"level":"info","message":"Connected to database successfully (mysql2)","timestamp":"2026-05-28T15:03:48.670Z"}
{"level":"info","message":"Server is running on port 3000","timestamp":"2026-05-28T15:03:48.678Z"}
{"level":"info","message":"\u001b[0mGET /api/admin/configs \u001b[33m401\u001b[0m 226.926 ms - 71\u001b[0m","timestamp":"2026-05-28T15:04:43.136Z"}
{"level":"info","message":"\u001b[0mGET /api/admin/dashboard/charts?period=week \u001b[33m401\u001b[0m 0.360 ms - 74\u001b[0m","timestamp":"2026-05-28T15:05:56.548Z"}
{"level":"info","message":"\u001b[0mGET /api/admin/transactions?page=1&limit=10 \u001b[33m401\u001b[0m 0.315 ms - 74\u001b[0m","timestamp":"2026-05-28T15:05:56.551Z"}
{"level":"info","message":"\u001b[0mGET /api/admin/dashboard/stats \u001b[33m401\u001b[0m 0.338 ms - 74\u001b[0m","timestamp":"2026-05-28T15:05:56.610Z"}
{"level":"info","message":"\u001b[0mPOST /api/admin/balances/vendors/sync \u001b[33m401\u001b[0m 0.384 ms - 74\u001b[0m","timestamp":"2026-05-28T15:05:56.817Z"}
{"level":"info","message":"\u001b[0mGET /api/users/profile \u001b[33m401\u001b[0m 5.492 ms - 74\u001b[0m","timestamp":"2026-05-28T15:05:56.825Z"}
{"level":"info","message":"\u001b[0mGET /api/admin/balances/vendors \u001b[33m401\u001b[0m 0.237 ms - 74\u001b[0m","timestamp":"2026-05-28T15:05:56.987Z"}
{"level":"info","message":"\u001b[0mGET /api/admin/configs \u001b[33m401\u001b[0m 0.279 ms - 74\u001b[0m","timestamp":"2026-05-28T15:05:57.328Z"}
{"level":"error","message":"401 - Invalid credentials - /api/auth/login - POST - ::1","timestamp":"2026-05-28T15:06:07.101Z"}
{"level":"info","message":"\u001b[0mPOST /api/auth/login \u001b[33m401\u001b[0m 114.823 ms - 95\u001b[0m","timestamp":"2026-05-28T15:06:07.102Z"}
{"level":"info","message":"Email sent: <ff75092a-5879-4e53-f49a-f18b523d8afb@cocogo.store>","timestamp":"2026-05-28T15:06:25.920Z"}
{"level":"info","message":"\u001b[0mPOST /api/auth/login \u001b[32m200\u001b[0m 8867.506 ms - 384\u001b[0m","timestamp":"2026-05-28T15:06:25.921Z"}
{"level":"info","message":"\u001b[0mPOST /api/auth/login/verify \u001b[32m200\u001b[0m 99.588 ms - 970\u001b[0m","timestamp":"2026-05-28T15:06:49.304Z"}
{"level":"info","message":"OkeConnect Balance Response: IP tidak sesuai @125.163.136.19","timestamp":"2026-05-28T15:06:50.050Z"}
{"level":"error","message":"Sync OkeConnect Balance Error: IP tidak sesuai @125.163.136.19","timestamp":"2026-05-28T15:06:50.050Z"}
{"level":"info","message":"\u001b[0mPOST /api/admin/balances/vendors/sync \u001b[32m200\u001b[0m 598.617 ms - 478\u001b[0m","timestamp":"2026-05-28T15:06:50.205Z"}
{"level":"info","message":"OkeConnect Balance Response: IP tidak sesuai @125.163.136.19","timestamp":"2026-05-28T15:07:19.156Z"}
{"level":"error","message":"Sync OkeConnect Balance Error: IP tidak sesuai @125.163.136.19","timestamp":"2026-05-28T15:07:19.156Z"}
{"level":"info","message":"\u001b[0mPOST /api/admin/balances/vendors/sync \u001b[32m200\u001b[0m 762.711 ms - 478\u001b[0m","timestamp":"2026-05-28T15:07:19.367Z"}
{"level":"info","message":"OkeConnect Balance Response: IP tidak sesuai @125.163.136.19","timestamp":"2026-05-28T15:11:38.566Z"}
{"level":"error","message":"Sync OkeConnect Balance Error: IP tidak sesuai @125.163.136.19","timestamp":"2026-05-28T15:11:38.567Z"}
{"level":"info","message":"\u001b[0mPOST /api/admin/balances/vendors/sync \u001b[32m200\u001b[0m 914.939 ms - 478\u001b[0m","timestamp":"2026-05-28T15:11:39.030Z"}
{"level":"info","message":"\u001b[0mPATCH /api/admin/users/7c4b3613-816f-4ca8-8226-5bde9f91e48c \u001b[32m200\u001b[0m 139.681 ms - 198\u001b[0m","timestamp":"2026-05-28T15:12:14.207Z"}
{"level":"info","message":"Email sent: <2ca4223e-6f3d-7da4-5827-2514c72542e6@cocogo.store>","timestamp":"2026-05-28T15:17:43.884Z"}
{"level":"info","message":"\u001b[0mPOST /api/auth/2fa/otp/send \u001b[32m200\u001b[0m 9374.206 ms - 65\u001b[0m","timestamp":"2026-05-28T15:17:43.885Z"}
{"level":"error","message":"400 - Kode Authenticator tidak valid - /api/auth/2fa/enable - POST - ::1","timestamp":"2026-05-28T15:18:09.681Z"}
{"level":"info","message":"\u001b[0mPOST /api/auth/2fa/enable \u001b[33m400\u001b[0m 123.020 ms - 101\u001b[0m","timestamp":"2026-05-28T15:18:09.684Z"}
{"level":"error","message":"400 - Email OTP tidak valid: OTP tidak ditemukan atau sudah kadaluarsa - /api/auth/2fa/enable - POST - ::1","timestamp":"2026-05-28T15:18:18.552Z"}
{"level":"info","message":"\u001b[0mPOST /api/auth/2fa/enable \u001b[33m400\u001b[0m 3.075 ms - 135\u001b[0m","timestamp":"2026-05-28T15:18:18.553Z"}
{"level":"error","message":"400 - Email OTP tidak valid: OTP tidak ditemukan atau sudah kadaluarsa - /api/auth/2fa/enable - POST - ::1","timestamp":"2026-05-28T15:18:46.387Z"}
{"level":"info","message":"\u001b[0mPOST /api/auth/2fa/enable \u001b[33m400\u001b[0m 2.675 ms - 135\u001b[0m","timestamp":"2026-05-28T15:18:46.388Z"}
{"level":"info","message":"Email sent: <22b8a389-e858-420e-59ef-b36326fb4e04@cocogo.store>","timestamp":"2026-05-28T15:18:59.668Z"}
{"level":"info","message":"\u001b[0mPOST /api/auth/2fa/otp/send \u001b[32m200\u001b[0m 8211.377 ms - 65\u001b[0m","timestamp":"2026-05-28T15:18:59.669Z"}
{"level":"info","message":"\u001b[0mPOST /api/auth/2fa/enable \u001b[32m200\u001b[0m 244.879 ms - 69\u001b[0m","timestamp":"2026-05-28T15:19:39.030Z"}
{"level":"info","message":"\u001b[0mPOST /api/users/generate-api-key \u001b[32m200\u001b[0m 154.433 ms - 132\u001b[0m","timestamp":"2026-05-28T15:20:13.013Z"}
{"level":"info","message":"\u001b[0mGET /api/admin/configs \u001b[33m401\u001b[0m 0.197 ms - 74\u001b[0m","timestamp":"2026-05-28T15:20:17.484Z"}
{"level":"error","message":"401 - Invalid credentials - /api/auth/login - POST - ::1","timestamp":"2026-05-28T15:20:19.727Z"}
{"level":"info","message":"\u001b[0mPOST /api/auth/login \u001b[33m401\u001b[0m 109.355 ms - 95\u001b[0m","timestamp":"2026-05-28T15:20:19.728Z"}
{"level":"info","message":"\u001b[0mPOST /api/auth/login \u001b[32m200\u001b[0m 105.467 ms - 379\u001b[0m","timestamp":"2026-05-28T15:20:27.058Z"}
{"level":"info","message":"\u001b[0mPOST /api/auth/login/verify \u001b[32m200\u001b[0m 2.039 ms - 1024\u001b[0m","timestamp":"2026-05-28T15:20:39.816Z"}
{"level":"info","message":"OkeConnect Balance Response: IP tidak sesuai @125.163.136.19","timestamp":"2026-05-28T15:20:40.613Z"}
{"level":"error","message":"Sync OkeConnect Balance Error: IP tidak sesuai @125.163.136.19","timestamp":"2026-05-28T15:20:40.614Z"}
{"level":"info","message":"\u001b[0mPOST /api/admin/balances/vendors/sync \u001b[32m200\u001b[0m 928.166 ms - 478\u001b[0m","timestamp":"2026-05-28T15:20:41.091Z"}
{"level":"info","message":"Connected to database successfully (mysql2)","timestamp":"2026-05-28T15:23:23.903Z"}
{"level":"info","message":"Server is running on port 3000","timestamp":"2026-05-28T15:23:23.908Z"}
{"level":"info","message":"Connected to database successfully (mysql2)","timestamp":"2026-05-28T15:23:30.842Z"}
{"level":"info","message":"Server is running on port 3000","timestamp":"2026-05-28T15:23:30.846Z"}
{"level":"info","message":"Connected to database successfully (mysql2)","timestamp":"2026-05-28T15:23:37.097Z"}
{"level":"info","message":"Server is running on port 3000","timestamp":"2026-05-28T15:23:37.102Z"}
{"level":"info","message":"Connected to database successfully (mysql2)","timestamp":"2026-05-28T15:23:43.661Z"}
{"level":"info","message":"Server is running on port 3000","timestamp":"2026-05-28T15:23:43.667Z"}
{"level":"info","message":"Connected to database successfully (mysql2)","timestamp":"2026-05-28T15:32:19.278Z"}
{"level":"info","message":"Server is running on port 3000","timestamp":"2026-05-28T15:32:19.282Z"}
{"level":"info","message":"OkeConnect Balance Response: IP tidak sesuai @125.163.136.19","timestamp":"2026-05-28T15:33:19.923Z"}
{"level":"error","message":"Sync OkeConnect Balance Error: IP tidak sesuai @125.163.136.19","timestamp":"2026-05-28T15:33:19.924Z"}
{"level":"info","message":"\u001b[0mPOST /api/admin/balances/vendors/sync \u001b[32m200\u001b[0m 725.552 ms - 478\u001b[0m","timestamp":"2026-05-28T15:33:20.209Z"}
{"level":"info","message":"\u001b[0mPATCH /api/admin/users/ca5c7871-a19e-4307-8da9-e2cbf9063d74 \u001b[33m403\u001b[0m 5.523 ms - 103\u001b[0m","timestamp":"2026-05-28T15:33:40.920Z"}
{"level":"info","message":"\u001b[0mPATCH /api/admin/users/ca5c7871-a19e-4307-8da9-e2cbf9063d74 \u001b[32m200\u001b[0m 158.744 ms - 213\u001b[0m","timestamp":"2026-05-28T15:33:50.257Z"}
{"level":"error","message":"500 - Unknown column 'description' in 'field list' - /api/admin/users/ca5c7871-a19e-4307-8da9-e2cbf9063d74/balance - POST - ::1","timestamp":"2026-05-28T15:34:55.740Z"}
{"level":"error","message":"Error: Unknown column 'description' in 'field list'\n    at Object.addBalance (file:///home/cavathaeon/OTRVUE/NEOPAY/src/modules/admin/users/repository.js:76:37)\n    at Object.addBalance (file:///home/cavathaeon/OTRVUE/NEOPAY/src/modules/admin/users/service.js:20:37)\n    at addBalance (file:///home/cavathaeon/OTRVUE/NEOPAY/src/modules/admin/users/controller.js:45:46)\n    at Layer.handle [as handle_request] (/home/cavathaeon/OTRVUE/NEOPAY/node_modules/express/lib/router/layer.js:95:5)\n    at next (/home/cavathaeon/OTRVUE/NEOPAY/node_modules/express/lib/router/route.js:149:13)\n    at requireTwoFactor (file:///home/cavathaeon/OTRVUE/NEOPAY/src/middleware/twoFactor.middleware.js:48:9)\n    at process.processTicksAndRejections (node:internal/process/task_queues:103:5)","timestamp":"2026-05-28T15:34:55.741Z"}
{"level":"info","message":"\u001b[0mPOST /api/admin/users/ca5c7871-a19e-4307-8da9-e2cbf9063d74/balance \u001b[31m500\u001b[0m 7.265 ms - 91\u001b[0m","timestamp":"2026-05-28T15:34:55.742Z"}
{"level":"error","message":"500 - Unknown column 'description' in 'field list' - /api/admin/users/ca5c7871-a19e-4307-8da9-e2cbf9063d74/balance - POST - ::1","timestamp":"2026-05-28T15:34:58.002Z"}
{"level":"error","message":"Error: Unknown column 'description' in 'field list'\n    at Object.addBalance (file:///home/cavathaeon/OTRVUE/NEOPAY/src/modules/admin/users/repository.js:76:37)\n    at Object.addBalance (file:///home/cavathaeon/OTRVUE/NEOPAY/src/modules/admin/users/service.js:20:37)\n    at addBalance (file:///home/cavathaeon/OTRVUE/NEOPAY/src/modules/admin/users/controller.js:45:46)\n    at Layer.handle [as handle_request] (/home/cavathaeon/OTRVUE/NEOPAY/node_modules/express/lib/router/layer.js:95:5)\n    at next (/home/cavathaeon/OTRVUE/NEOPAY/node_modules/express/lib/router/route.js:149:13)\n    at requireTwoFactor (file:///home/cavathaeon/OTRVUE/NEOPAY/src/middleware/twoFactor.middleware.js:48:9)\n    at process.processTicksAndRejections (node:internal/process/task_queues:103:5)","timestamp":"2026-05-28T15:34:58.003Z"}
{"level":"info","message":"\u001b[0mPOST /api/admin/users/ca5c7871-a19e-4307-8da9-e2cbf9063d74/balance \u001b[31m500\u001b[0m 6.975 ms - 91\u001b[0m","timestamp":"2026-05-28T15:34:58.004Z"}
{"level":"error","message":"500 - Unknown column 'description' in 'field list' - /api/admin/users/ca5c7871-a19e-4307-8da9-e2cbf9063d74/balance - POST - ::1","timestamp":"2026-05-28T15:35:04.740Z"}
{"level":"error","message":"Error: Unknown column 'description' in 'field list'\n    at Object.addBalance (file:///home/cavathaeon/OTRVUE/NEOPAY/src/modules/admin/users/repository.js:76:37)\n    at Object.addBalance (file:///home/cavathaeon/OTRVUE/NEOPAY/src/modules/admin/users/service.js:20:37)\n    at addBalance (file:///home/cavathaeon/OTRVUE/NEOPAY/src/modules/admin/users/controller.js:45:46)\n    at Layer.handle [as handle_request] (/home/cavathaeon/OTRVUE/NEOPAY/node_modules/express/lib/router/layer.js:95:5)\n    at next (/home/cavathaeon/OTRVUE/NEOPAY/node_modules/express/lib/router/route.js:149:13)\n    at requireTwoFactor (file:///home/cavathaeon/OTRVUE/NEOPAY/src/middleware/twoFactor.middleware.js:48:9)\n    at process.processTicksAndRejections (node:internal/process/task_queues:103:5)","timestamp":"2026-05-28T15:35:04.740Z"}
{"level":"info","message":"\u001b[0mPOST /api/admin/users/ca5c7871-a19e-4307-8da9-e2cbf9063d74/balance \u001b[31m500\u001b[0m 5.339 ms - 91\u001b[0m","timestamp":"2026-05-28T15:35:04.742Z"}
{"level":"info","message":"Connected to database successfully (mysql2)","timestamp":"2026-05-28T15:35:54.897Z"}
{"level":"info","message":"Server is running on port 3000","timestamp":"2026-05-28T15:35:54.902Z"}
{"level":"info","message":"\u001b[0mPOST /api/admin/users/ca5c7871-a19e-4307-8da9-e2cbf9063d74/balance \u001b[33m403\u001b[0m 16.460 ms - 103\u001b[0m","timestamp":"2026-05-28T15:36:24.009Z"}
{"level":"error","message":"500 - Cannot find package 'uuid' imported from /home/cavathaeon/OTRVUE/NEOPAY/src/modules/admin/users/repository.js - /api/admin/users/ca5c7871-a19e-4307-8da9-e2cbf9063d74/balance - POST - ::1","timestamp":"2026-05-28T15:36:37.661Z"}
{"level":"error","message":"Error [ERR_MODULE_NOT_FOUND]: Cannot find package 'uuid' imported from /home/cavathaeon/OTRVUE/NEOPAY/src/modules/admin/users/repository.js\n    at Object.getPackageJSONURL (node:internal/modules/package_json_reader:316:9)\n    at packageResolve (node:internal/modules/esm/resolve:768:81)\n    at moduleResolve (node:internal/modules/esm/resolve:858:18)\n    at defaultResolve (node:internal/modules/esm/resolve:990:11)\n    at #cachedDefaultResolve (node:internal/modules/esm/loader:718:20)\n    at #resolveAndMaybeBlockOnLoaderThread (node:internal/modules/esm/loader:735:38)\n    at ModuleLoader.resolveSync (node:internal/modules/esm/loader:764:52)\n    at #resolve (node:internal/modules/esm/loader:700:17)\n    at ModuleLoader.getOrCreateModuleJob (node:internal/modules/esm/loader:620:35)\n    at onImport.tracePromise.__proto__ (node:internal/modules/esm/loader:649:32)","timestamp":"2026-05-28T15:36:37.662Z"}
{"level":"info","message":"\u001b[0mPOST /api/admin/users/ca5c7871-a19e-4307-8da9-e2cbf9063d74/balance \u001b[31m500\u001b[0m 9.889 ms - 91\u001b[0m","timestamp":"2026-05-28T15:36:37.664Z"}
{"level":"info","message":"Connected to database successfully (mysql2)","timestamp":"2026-05-28T15:37:10.308Z"}
{"level":"info","message":"Server is running on port 3000","timestamp":"2026-05-28T15:37:10.320Z"}
{"level":"info","message":"\u001b[0mPOST /api/admin/users/ca5c7871-a19e-4307-8da9-e2cbf9063d74/balance \u001b[32m200\u001b[0m 131.941 ms - 135\u001b[0m","timestamp":"2026-05-28T15:37:20.089Z"}
{"level":"info","message":"\u001b[0mGET /api/admin/users/ca5c7871-a19e-4307-8da9-e2cbf9063d74 \u001b[33m404\u001b[0m 0.651 ms - 140\u001b[0m","timestamp":"2026-05-28T15:40:11.113Z"}
{"level":"info","message":"OkeConnect Balance Response: IP tidak sesuai @125.163.136.19","timestamp":"2026-05-28T15:40:50.031Z"}
{"level":"error","message":"Sync OkeConnect Balance Error: IP tidak sesuai @125.163.136.19","timestamp":"2026-05-28T15:40:50.032Z"}
{"level":"info","message":"\u001b[0mPOST /api/admin/balances/vendors/sync \u001b[32m200\u001b[0m 1317.160 ms - 478\u001b[0m","timestamp":"2026-05-28T15:40:50.234Z"}
{"level":"info","message":"\u001b[0mGET /api/admin/users/ca5c7871-a19e-4307-8da9-e2cbf9063d74 \u001b[33m404\u001b[0m 0.400 ms - 140\u001b[0m","timestamp":"2026-05-28T15:42:40.391Z"}
{"level":"info","message":"\u001b[0mGET /api/admin/users/ca5c7871-a19e-4307-8da9-e2cbf9063d74 \u001b[33m404\u001b[0m 0.353 ms - 140\u001b[0m","timestamp":"2026-05-28T15:42:59.252Z"}
{"level":"info","message":"\u001b[0mGET /api/admin/users/ca5c7871-a19e-4307-8da9-e2cbf9063d74 \u001b[33m404\u001b[0m 0.232 ms - 140\u001b[0m","timestamp":"2026-05-28T15:43:07.602Z"}
{"level":"info","message":"\u001b[0mGET /api/admin/users/7c4b3613-816f-4ca8-8226-5bde9f91e48c \u001b[33m404\u001b[0m 0.472 ms - 140\u001b[0m","timestamp":"2026-05-28T15:44:21.223Z"}
{"level":"info","message":"Connected to database successfully (mysql2)","timestamp":"2026-05-28T15:44:37.161Z"}
{"level":"info","message":"Server is running on port 3000","timestamp":"2026-05-28T15:44:37.166Z"}
{"level":"info","message":"Connected to database successfully (mysql2)","timestamp":"2026-05-28T15:44:44.212Z"}
{"level":"info","message":"Server is running on port 3000","timestamp":"2026-05-28T15:44:44.216Z"}
{"level":"info","message":"Connected to database successfully (mysql2)","timestamp":"2026-05-28T15:44:52.547Z"}
{"level":"info","message":"Server is running on port 3000","timestamp":"2026-05-28T15:44:52.552Z"}
{"level":"info","message":"Connected to database successfully (mysql2)","timestamp":"2026-05-28T15:44:59.011Z"}
{"level":"info","message":"Server is running on port 3000","timestamp":"2026-05-28T15:44:59.015Z"}
{"level":"info","message":"Connected to database successfully (mysql2)","timestamp":"2026-05-28T15:47:02.650Z"}
{"level":"info","message":"Server is running on port 3000","timestamp":"2026-05-28T15:47:02.655Z"}
{"level":"info","message":"OkeConnect Balance Response: IP tidak sesuai @125.163.136.19","timestamp":"2026-05-28T15:54:34.305Z"}
{"level":"error","message":"Sync OkeConnect Balance Error: IP tidak sesuai @125.163.136.19","timestamp":"2026-05-28T15:54:34.306Z"}
{"level":"info","message":"\u001b[0mPOST /api/admin/balances/vendors/sync \u001b[32m200\u001b[0m 817.570 ms - 478\u001b[0m","timestamp":"2026-05-28T15:54:34.677Z"}
{"level":"info","message":"Database pool closed","timestamp":"2026-05-28T15:54:53.892Z"}
