{"level":"info","message":"Connected to database successfully (mysql2)","timestamp":"2026-05-27T02:16:34.508Z"}
{"level":"info","message":"Server is running on port 3000","timestamp":"2026-05-27T02:16:34.515Z"}
{"level":"info","message":"\u001b[0mGET /api/transactions/inquiry/status/877233 \u001b[33m404\u001b[0m 3.178 ms - 126\u001b[0m","timestamp":"2026-05-27T02:22:04.278Z"}
{"level":"info","message":"\u001b[0mGET /favicon.ico \u001b[33m404\u001b[0m 1.048 ms - 99\u001b[0m","timestamp":"2026-05-27T02:22:04.520Z"}
{"level":"info","message":"\u001b[0mGET /api/trx/history?page=1&limit=20 \u001b[33m401\u001b[0m 25.222 ms - 71\u001b[0m","timestamp":"2026-05-27T02:22:42.928Z"}
{"level":"error","message":"401 - Invalid credentials - /api/auth/login - POST - ::ffff:127.0.0.1","timestamp":"2026-05-27T02:22:50.797Z"}
{"level":"info","message":"\u001b[0mPOST /api/auth/login \u001b[33m401\u001b[0m 10.816 ms - 95\u001b[0m","timestamp":"2026-05-27T02:22:50.798Z"}
{"level":"error","message":"401 - Invalid credentials - /api/auth/login - POST - ::ffff:127.0.0.1","timestamp":"2026-05-27T02:22:54.881Z"}
{"level":"info","message":"\u001b[0mPOST /api/auth/login \u001b[33m401\u001b[0m 118.214 ms - 95\u001b[0m","timestamp":"2026-05-27T02:22:54.882Z"}
{"level":"error","message":"401 - Invalid credentials - /api/auth/login - POST - ::ffff:127.0.0.1","timestamp":"2026-05-27T02:22:58.279Z"}
{"level":"info","message":"\u001b[0mPOST /api/auth/login \u001b[33m401\u001b[0m 3.040 ms - 95\u001b[0m","timestamp":"2026-05-27T02:22:58.280Z"}
{"level":"info","message":"User logged in: otrvue (0d595fde-6392-4d0e-97b1-670ec81e2e5a)","timestamp":"2026-05-27T02:23:02.018Z"}
{"level":"info","message":"\u001b[0mPOST /api/auth/login \u001b[32m200\u001b[0m 125.438 ms - 566\u001b[0m","timestamp":"2026-05-27T02:23:02.019Z"}
{"level":"info","message":"OkeConnect Balance Response: Saldo 962","timestamp":"2026-05-27T02:23:03.344Z"}
{"level":"info","message":"\u001b[0mPOST /api/admin/balances/vendors/sync \u001b[32m200\u001b[0m 1700.323 ms - 434\u001b[0m","timestamp":"2026-05-27T02:23:04.708Z"}
{"level":"info","message":"\u001b[0mGET /api/transactions/my?limit=5 \u001b[33m404\u001b[0m 0.208 ms - 115\u001b[0m","timestamp":"2026-05-27T02:23:07.216Z"}
{"level":"error","message":"400 - Email already registered - /api/auth/register - POST - ::ffff:127.0.0.1","timestamp":"2026-05-27T02:23:27.892Z"}
{"level":"info","message":"\u001b[0mPOST /api/auth/register \u001b[33m400\u001b[0m 3.491 ms - 93\u001b[0m","timestamp":"2026-05-27T02:23:27.894Z"}
{"level":"error","message":"400 - Email already registered - /api/auth/register - POST - ::ffff:127.0.0.1","timestamp":"2026-05-27T02:23:44.487Z"}
{"level":"info","message":"\u001b[0mPOST /api/auth/register \u001b[33m400\u001b[0m 1.697 ms - 93\u001b[0m","timestamp":"2026-05-27T02:23:44.488Z"}
{"level":"error","message":"400 - Email already registered - /api/auth/register - POST - ::ffff:127.0.0.1","timestamp":"2026-05-27T02:23:52.084Z"}
{"level":"info","message":"\u001b[0mPOST /api/auth/register \u001b[33m400\u001b[0m 2.634 ms - 93\u001b[0m","timestamp":"2026-05-27T02:23:52.085Z"}
{"level":"error","message":"401 - Invalid credentials - /api/auth/login - POST - ::ffff:127.0.0.1","timestamp":"2026-05-27T02:24:03.073Z"}
{"level":"info","message":"\u001b[0mPOST /api/auth/login \u001b[33m401\u001b[0m 93.808 ms - 95\u001b[0m","timestamp":"2026-05-27T02:24:03.074Z"}
{"level":"error","message":"401 - Invalid credentials - /api/auth/login - POST - ::ffff:127.0.0.1","timestamp":"2026-05-27T02:24:11.185Z"}
{"level":"info","message":"\u001b[0mPOST /api/auth/login \u001b[33m401\u001b[0m 132.909 ms - 95\u001b[0m","timestamp":"2026-05-27T02:24:11.186Z"}
{"level":"info","message":"User registered: caein (7c4b3613-816f-4ca8-8226-5bde9f91e48c)","timestamp":"2026-05-27T02:24:25.363Z"}
{"level":"info","message":"\u001b[0mPOST /api/auth/register \u001b[32m201\u001b[0m 231.621 ms - 184\u001b[0m","timestamp":"2026-05-27T02:24:25.364Z"}
{"level":"info","message":"User logged in: caein (7c4b3613-816f-4ca8-8226-5bde9f91e48c)","timestamp":"2026-05-27T02:24:30.491Z"}
{"level":"info","message":"\u001b[0mPOST /api/auth/login \u001b[32m200\u001b[0m 93.755 ms - 561\u001b[0m","timestamp":"2026-05-27T02:24:30.491Z"}
{"level":"info","message":"\u001b[0mGET /api/transactions/my?limit=5 \u001b[33m404\u001b[0m 0.174 ms - 115\u001b[0m","timestamp":"2026-05-27T02:24:31.040Z"}
{"level":"info","message":"User logged in: otrvue (0d595fde-6392-4d0e-97b1-670ec81e2e5a)","timestamp":"2026-05-27T02:24:50.625Z"}
{"level":"info","message":"\u001b[0mPOST /api/auth/login \u001b[32m200\u001b[0m 129.261 ms - 566\u001b[0m","timestamp":"2026-05-27T02:24:50.625Z"}
{"level":"info","message":"OkeConnect Balance Response: Saldo 962","timestamp":"2026-05-27T02:24:52.112Z"}
{"level":"info","message":"\u001b[0mPOST /api/admin/balances/vendors/sync \u001b[32m200\u001b[0m 5815.178 ms - 434\u001b[0m","timestamp":"2026-05-27T02:24:57.712Z"}
{"level":"info","message":"\u001b[0mPOST /api/admin/vendor-configs/DIGIFLAZZ/test \u001b[32m200\u001b[0m 638.937 ms - 63\u001b[0m","timestamp":"2026-05-27T02:25:22.314Z"}
{"level":"info","message":"OkeConnect Balance Response: Saldo 962","timestamp":"2026-05-27T02:25:25.898Z"}
{"level":"info","message":"\u001b[0mPOST /api/admin/vendor-configs/OKECONNECT/test \u001b[32m200\u001b[0m 253.952 ms - 64\u001b[0m","timestamp":"2026-05-27T02:25:25.899Z"}
{"level":"info","message":"Database pool closed","timestamp":"2026-05-27T02:34:32.583Z"}
{"code":"ETIMEDOUT","errorno":"ETIMEDOUT","fatal":true,"level":"error","message":"Failed to start server: connect ETIMEDOUT","stack":"Error: connect ETIMEDOUT\n    at PoolConnection._handleTimeoutError (/home/cavathaeon/OTRVUE/NEOPAY/node_modules/mysql2/lib/base/connection.js:244:17)\n    at listOnTimeout (node:internal/timers:605:17)\n    at process.processTimers (node:internal/timers:541:7)","syscall":"connect","timestamp":"2026-05-27T02:34:48.018Z"}
{"code":"ETIMEDOUT","errorno":"ETIMEDOUT","fatal":true,"level":"error","message":"Failed to start server: connect ETIMEDOUT","stack":"Error: connect ETIMEDOUT\n    at PoolConnection._handleTimeoutError (/home/cavathaeon/OTRVUE/NEOPAY/node_modules/mysql2/lib/base/connection.js:244:17)\n    at listOnTimeout (node:internal/timers:605:17)\n    at process.processTimers (node:internal/timers:541:7)","syscall":"connect","timestamp":"2026-05-27T02:35:20.419Z"}
{"level":"info","message":"Connected to database successfully (mysql2)","timestamp":"2026-05-27T02:49:10.188Z"}
{"level":"info","message":"Server is running on port 3000","timestamp":"2026-05-27T02:49:10.192Z"}
{"level":"info","message":"Connected to database successfully (mysql2)","timestamp":"2026-05-27T02:51:17.039Z"}
{"level":"info","message":"Server is running on port 3000","timestamp":"2026-05-27T02:51:17.043Z"}
{"level":"info","message":"Connected to database successfully (mysql2)","timestamp":"2026-05-27T02:51:22.118Z"}
{"level":"info","message":"Server is running on port 3000","timestamp":"2026-05-27T02:51:22.123Z"}
{"level":"info","message":"Connected to database successfully (mysql2)","timestamp":"2026-05-27T02:51:35.000Z"}
{"level":"info","message":"Server is running on port 3000","timestamp":"2026-05-27T02:51:35.004Z"}
{"level":"info","message":"Connected to database successfully (mysql2)","timestamp":"2026-05-27T03:07:52.096Z"}
{"level":"info","message":"Server is running on port 3000","timestamp":"2026-05-27T03:07:52.102Z"}
{"level":"info","message":"Connected to database successfully (mysql2)","timestamp":"2026-05-27T03:12:48.445Z"}
{"level":"info","message":"Server is running on port 3000","timestamp":"2026-05-27T03:12:48.449Z"}
{"level":"info","message":"Connected to database successfully (mysql2)","timestamp":"2026-05-27T03:12:54.953Z"}
{"level":"info","message":"Server is running on port 3000","timestamp":"2026-05-27T03:12:54.957Z"}
{"level":"info","message":"Connected to database successfully (mysql2)","timestamp":"2026-05-27T03:19:05.816Z"}
{"level":"info","message":"Server is running on port 3000","timestamp":"2026-05-27T03:19:05.820Z"}
{"level":"info","message":"Connected to database successfully (mysql2)","timestamp":"2026-05-27T03:19:39.886Z"}
{"level":"info","message":"Server is running on port 3000","timestamp":"2026-05-27T03:19:39.892Z"}
{"level":"info","message":"Connected to database successfully (mysql2)","timestamp":"2026-05-27T03:19:56.173Z"}
{"level":"info","message":"Server is running on port 3000","timestamp":"2026-05-27T03:19:56.180Z"}
{"level":"info","message":"Connected to database successfully (mysql2)","timestamp":"2026-05-27T03:20:05.275Z"}
{"level":"info","message":"Server is running on port 3000","timestamp":"2026-05-27T03:20:05.281Z"}
{"level":"info","message":"Connected to database successfully (mysql2)","timestamp":"2026-05-27T03:28:16.432Z"}
{"level":"info","message":"Server is running on port 3000","timestamp":"2026-05-27T03:28:16.441Z"}
{"level":"info","message":"Connected to database successfully (mysql2)","timestamp":"2026-05-27T03:28:32.091Z"}
{"level":"info","message":"Server is running on port 3000","timestamp":"2026-05-27T03:28:32.095Z"}
{"level":"info","message":"Connected to database successfully (mysql2)","timestamp":"2026-05-27T03:31:46.448Z"}
{"level":"info","message":"Server is running on port 3000","timestamp":"2026-05-27T03:31:46.470Z"}
{"level":"info","message":"Connected to database successfully (mysql2)","timestamp":"2026-05-27T03:38:15.386Z"}
{"level":"info","message":"Server is running on port 3000","timestamp":"2026-05-27T03:38:15.394Z"}
{"level":"info","message":"Connected to database successfully (mysql2)","timestamp":"2026-05-27T03:38:21.700Z"}
{"level":"info","message":"Server is running on port 3000","timestamp":"2026-05-27T03:38:21.704Z"}
{"level":"info","message":"Connected to database successfully (mysql2)","timestamp":"2026-05-27T03:38:48.293Z"}
{"level":"info","message":"Server is running on port 3000","timestamp":"2026-05-27T03:38:48.298Z"}
{"level":"info","message":"Connected to database successfully (mysql2)","timestamp":"2026-05-27T03:38:55.304Z"}
{"level":"info","message":"Server is running on port 3000","timestamp":"2026-05-27T03:38:55.308Z"}
{"level":"info","message":"\u001b[0mGET /api/transactions/inquiry/status/877233 \u001b[33m404\u001b[0m 2.803 ms - 126\u001b[0m","timestamp":"2026-05-27T03:59:08.750Z"}
{"level":"info","message":"Database pool closed","timestamp":"2026-05-27T04:16:49.768Z"}
{"level":"info","message":"Connected to database successfully (mysql2)","timestamp":"2026-05-27T12:03:30.705Z"}
{"level":"info","message":"Server is running on port 3000","timestamp":"2026-05-27T12:03:30.713Z"}
{"expiredAt":"2026-05-27T04:48:50.000Z","level":"error","message":"Authentication error: jwt expired","name":"TokenExpiredError","stack":"TokenExpiredError: jwt expired\n    at /home/cavathaeon/OTRVUE/NEOPAY/node_modules/jsonwebtoken/verify.js:190:21\n    at getSecret (/home/cavathaeon/OTRVUE/NEOPAY/node_modules/jsonwebtoken/verify.js:97:14)\n    at module.exports [as verify] (/home/cavathaeon/OTRVUE/NEOPAY/node_modules/jsonwebtoken/verify.js:101:10)\n    at authenticate (file:///home/cavathaeon/OTRVUE/NEOPAY/src/middleware/auth.middleware.js:17:29)\n    at Layer.handle [as handle_request] (/home/cavathaeon/OTRVUE/NEOPAY/node_modules/express/lib/router/layer.js:95:5)\n    at next (/home/cavathaeon/OTRVUE/NEOPAY/node_modules/express/lib/router/route.js:149:13)\n    at Route.dispatch (/home/cavathaeon/OTRVUE/NEOPAY/node_modules/express/lib/router/route.js:119:3)\n    at Layer.handle [as handle_request] (/home/cavathaeon/OTRVUE/NEOPAY/node_modules/express/lib/router/layer.js:95:5)\n    at /home/cavathaeon/OTRVUE/NEOPAY/node_modules/express/lib/router/index.js:284:15\n    at router.process_params (/home/cavathaeon/OTRVUE/NEOPAY/node_modules/express/lib/router/index.js:346:12)","timestamp":"2026-05-27T12:05:38.871Z"}
{"level":"info","message":"\u001b[0mGET /api/admin/users/stats \u001b[33m401\u001b[0m 7.004 ms - 81\u001b[0m","timestamp":"2026-05-27T12:05:38.877Z"}
{"level":"error","message":"401 - Invalid credentials - /api/auth/login - POST - ::1","timestamp":"2026-05-27T12:05:46.177Z"}
{"level":"info","message":"\u001b[0mPOST /api/auth/login \u001b[33m401\u001b[0m 142.316 ms - 95\u001b[0m","timestamp":"2026-05-27T12:05:46.178Z"}
{"level":"info","message":"User logged in: otrvue (0d595fde-6392-4d0e-97b1-670ec81e2e5a)","timestamp":"2026-05-27T12:05:58.657Z"}
{"level":"info","message":"\u001b[0mPOST /api/auth/login \u001b[32m200\u001b[0m 97.881 ms - 586\u001b[0m","timestamp":"2026-05-27T12:05:58.659Z"}
{"level":"info","message":"\u001b[0mGET /api/admin/users/7c4b3613-816f-4ca8-8226-5bde9f91e48c \u001b[33m404\u001b[0m 0.549 ms - 140\u001b[0m","timestamp":"2026-05-27T12:11:18.300Z"}
{"level":"info","message":"\u001b[0mPATCH /api/admin/users/7c4b3613-816f-4ca8-8226-5bde9f91e48c \u001b[32m200\u001b[0m 150.293 ms - 198\u001b[0m","timestamp":"2026-05-27T12:11:31.268Z"}
{"level":"info","message":"\u001b[0mPATCH /api/admin/users/7c4b3613-816f-4ca8-8226-5bde9f91e48c \u001b[32m200\u001b[0m 162.940 ms - 199\u001b[0m","timestamp":"2026-05-27T12:11:46.318Z"}
{"level":"info","message":"\u001b[0mGET /api/trx/history?page=1&limit=10 \u001b[33m401\u001b[0m 0.807 ms - 74\u001b[0m","timestamp":"2026-05-27T12:16:55.257Z"}
{"level":"info","message":"\u001b[0mGET /api/users/profile \u001b[33m401\u001b[0m 0.373 ms - 74\u001b[0m","timestamp":"2026-05-27T12:16:55.317Z"}
{"level":"info","message":"User logged in: otrvue (0d595fde-6392-4d0e-97b1-670ec81e2e5a)","timestamp":"2026-05-27T12:16:58.806Z"}
{"level":"info","message":"\u001b[0mPOST /api/auth/login \u001b[32m200\u001b[0m 97.367 ms - 586\u001b[0m","timestamp":"2026-05-27T12:16:58.807Z"}
{"level":"info","message":"OkeConnect Balance Response: Saldo 962","timestamp":"2026-05-27T12:17:00.815Z"}
{"level":"info","message":"\u001b[0mPOST /api/admin/balances/vendors/sync \u001b[32m200\u001b[0m 2321.524 ms - 434\u001b[0m","timestamp":"2026-05-27T12:17:01.395Z"}
{"level":"info","message":"OkeConnect Balance Response: Saldo 962","timestamp":"2026-05-27T12:17:19.566Z"}
{"level":"info","message":"\u001b[0mPOST /api/admin/balances/vendors/sync \u001b[32m200\u001b[0m 4366.829 ms - 434\u001b[0m","timestamp":"2026-05-27T12:17:23.725Z"}
{"level":"info","message":"OkeConnect Balance Response: Saldo 962","timestamp":"2026-05-27T12:19:46.543Z"}
{"level":"info","message":"\u001b[0mPOST /api/admin/balances/vendors/sync \u001b[32m200\u001b[0m 928.018 ms - 434\u001b[0m","timestamp":"2026-05-27T12:19:46.994Z"}
{"level":"info","message":"OkeConnect Balance Response: Saldo 962","timestamp":"2026-05-27T12:21:38.941Z"}
{"level":"info","message":"\u001b[0mPOST /api/admin/balances/vendors/sync \u001b[32m200\u001b[0m 4842.972 ms - 434\u001b[0m","timestamp":"2026-05-27T12:21:43.291Z"}
{"level":"info","message":"OkeConnect Balance Response: Saldo 962","timestamp":"2026-05-27T12:23:27.382Z"}
{"level":"info","message":"\u001b[0mPOST /api/admin/balances/vendors/sync \u001b[32m200\u001b[0m 932.965 ms - 434\u001b[0m","timestamp":"2026-05-27T12:23:28.025Z"}
{"level":"info","message":"OkeConnect Balance Response: Saldo 962","timestamp":"2026-05-27T12:24:30.519Z"}
{"level":"info","message":"\u001b[0mPOST /api/admin/balances/vendors/sync \u001b[32m200\u001b[0m 418.098 ms - 434\u001b[0m","timestamp":"2026-05-27T12:24:30.762Z"}
{"level":"info","message":"OkeConnect Balance Response: Saldo 962","timestamp":"2026-05-27T12:28:24.642Z"}
{"level":"info","message":"\u001b[0mPOST /api/admin/balances/vendors/sync \u001b[32m200\u001b[0m 891.849 ms - 434\u001b[0m","timestamp":"2026-05-27T12:28:24.979Z"}
{"level":"info","message":"OkeConnect Balance Response: Saldo 962","timestamp":"2026-05-27T12:28:40.997Z"}
{"level":"info","message":"\u001b[0mPOST /api/admin/balances/vendors/sync \u001b[32m200\u001b[0m 2619.634 ms - 434\u001b[0m","timestamp":"2026-05-27T12:28:43.332Z"}
{"level":"info","message":"OkeConnect Balance Response: Saldo 962","timestamp":"2026-05-27T12:30:32.006Z"}
{"level":"info","message":"\u001b[0mPOST /api/admin/balances/vendors/sync \u001b[32m200\u001b[0m 1306.366 ms - 434\u001b[0m","timestamp":"2026-05-27T12:30:32.844Z"}
{"level":"info","message":"\u001b[0mGET /api/trx/history?page=1&limit=10 \u001b[33m401\u001b[0m 2.100 ms - 71\u001b[0m","timestamp":"2026-05-27T12:33:23.751Z"}
{"level":"info","message":"\u001b[0mGET /api/users/profile \u001b[33m401\u001b[0m 3.519 ms - 71\u001b[0m","timestamp":"2026-05-27T12:33:23.755Z"}
{"level":"info","message":"Connected to database successfully (mysql2)","timestamp":"2026-05-27T13:23:12.913Z"}
{"level":"info","message":"Server is running on port 3000","timestamp":"2026-05-27T13:23:12.917Z"}
{"level":"info","message":"Database pool closed","timestamp":"2026-05-27T13:28:41.263Z"}
{"level":"info","message":"Connected to database successfully (mysql2)","timestamp":"2026-05-27T16:31:32.413Z"}
{"level":"info","message":"Server is running on port 3000","timestamp":"2026-05-27T16:31:32.417Z"}
{"level":"info","message":"Database pool closed","timestamp":"2026-05-27T16:31:35.802Z"}
